       time          aglivc          cgrain          cinput          hi              pet             rain            somtc      

    1879.00          4.8294           .0000        219.2737           .0000           .2960           .5000       2275.4750
    1880.00          1.5108           .0000        219.6138           .0000           .6337           .7000       2305.6550
    1881.00          4.9883           .0000        225.9839           .0000           .5554          3.1000       2306.9560
    1881.08          4.4908           .0000         33.4293           .0000           .4220          2.6000       2317.3220
    1881.17          4.1159           .0000         63.9486           .0000           .8630           .4000       2327.3320
    1881.25          4.1108           .0000         91.8954           .0000          2.5313          4.6000       2334.7110
    1881.33          6.7075           .0000       1208.5690           .0000          7.1261           .0000       3356.2910
    1881.42          7.1802           .0000       1248.4490           .0000         12.3556          3.5000       3386.6210
    1881.50          7.6978           .0000       1277.4230           .0000         15.0090          4.2000       3348.8940
    1881.58          3.9573           .0000       1308.3300           .0000         14.8174          4.2000       3307.7230
    1881.67          1.9349           .0000       1331.3130           .0000         11.5226          5.2000       3216.4240
    1881.75          6.4610           .0000       1342.4980           .0000          6.4688          7.5000       3131.6540
    1881.83          7.7398           .0000       1342.9950           .0000          3.3589          1.2000       3087.3300
    1881.92           .3654           .0000       1344.0690           .0000          1.0891          2.3000       3075.2410
    1882.00           .3547           .0000       1345.4710           .0000           .5682          2.5000       3068.4420
    1882.08           .3393           .0000          1.2206           .0000           .5787          3.6000       3063.1350
    1882.17           .3228           .0000          2.2859           .0000           .4496           .3000       3058.5330
    1882.25           .3136           .0000          3.2167           .0000          1.6580          3.5000       3053.3200
    1882.33          4.1438           .0000         19.6622           .0000          5.5664           .5000       3048.6910
    1882.42         20.4257           .0000         20.3382           .0000         11.1641          9.2000       2990.0150
    1882.50         46.7237           .0000         21.9993           .0000         12.2207          5.1000       2953.2530
    1882.58         51.0176           .0000         24.5929           .0000         14.5016           .2000       2947.1360
    1882.67           .0000         20.4038         69.9825           .3989         11.5189         11.5000       2925.6430
    1882.75           .0000         20.4038         69.9825           .3989          6.8836          2.8000       2864.2050
    1882.83           .0000         20.4038         69.9825           .3989          3.8247           .5000       2846.5140
    1882.92           .0000         20.4038         69.9825           .3989           .9687          1.9000       2838.1770
    1883.00           .0000         20.4038         69.9825           .3989           .4121           .4000       2835.9210
    1883.08           .0000         20.4038           .0000           .3989           .8491           .4000       2832.8990
    1883.17           .0000         20.4038           .0000           .3989          1.0464           .7000       2830.3990
    1883.25           .0000         20.4038           .0000           .3989          2.9595          4.0000       2824.9620
    1883.33           .8414         20.4038           .0512           .3989          6.5577          4.5000       2817.0840
    1883.42          5.5886         20.4038           .4857           .3989         10.8094          1.5000       2806.3150
    1883.50         35.4035         20.4038          1.5809           .3989         12.1695         14.8000       2759.2290
    1883.58         54.0431         20.4038          3.3712           .3989         13.1458          2.3000       2751.5420
    1883.67           .0000         21.8214         42.6873           .3997         11.7425          7.2000       2751.2950
    1883.75           .0000         21.8214         42.6873           .3997          7.5097          2.8000       2728.8900
    1883.83           .0000         21.8214         42.6873           .3997          3.7093           .8000       2723.0450
    1883.92           .0000         21.8214         42.6873           .3997          1.4001           .0000       2720.5550
    1884.00           .0000         21.8214         42.6873           .3997           .6037          1.3000       2719.3760
    1884.08           .0000         21.8214           .0000           .3997           .4246           .9000       2718.5790
    1884.17           .0000         21.8214           .0000           .3997          1.1355          2.2000       2716.9260
    1884.25           .0000         21.8214           .0000           .3997          3.1706          1.0000       2714.4310
    1884.33          2.1575         21.8214           .0431           .3997          6.9686          7.7000       2704.9910
    1884.42         13.0826         21.8214           .6042           .3997         10.6632          9.6000       2679.1000
    1884.50         30.3084         21.8214          2.0922           .3997         12.5704          9.9000       2654.8020
    1884.58         55.6734         21.8214          3.9338           .3997         12.4190          7.5000       2627.6360
    1884.67           .0000         22.5673         45.2108           .3999         11.8057          4.0000       2642.0010
    1884.75           .0000         22.5673         45.2108           .3999          6.4405          8.2000       2607.4190
    1884.83           .0000         22.5673         45.2108           .3999          3.0875          2.0000       2592.9280
    1884.92           .0000         22.5673         45.2108           .3999           .7726          1.2000       2589.7310
    1885.00           .0000         22.5673         45.2108           .3999           .5728           .9000       2586.9320
    1885.08           .0000         22.5673           .0000           .3999           .6619          1.9000       2584.3700
    1885.17           .0000         22.5673           .0000           .3999          1.1314          1.2000       2582.0130
    1885.25           .0000         22.5673           .0000           .3999          2.8085          2.0000       2577.8590
    1885.33          1.6739         22.5673           .0287           .3999          5.1471          2.7000       2574.6740
    1885.42          9.2781         22.5673           .4284           .3999         11.6458          6.0000       2560.9250
    1885.50         19.8819         22.5673          1.3132           .3999         11.4382         10.4000       2545.3590
    1885.58         41.3970         22.5673          2.5065           .3999         10.8262          5.8000       2528.7820
    1885.67           .0000         16.7408         34.5494           .3999         10.2615         10.4000       2525.0110
    1885.75           .0000         16.7408         34.5494           .3999          6.0835          7.3000       2491.6310
    1885.83           .0000         16.7408         34.5494           .3999          3.7945           .0000       2481.6750
    1885.92           .0000         16.7408         34.5494           .3999           .7920          2.6000       2478.8170
    1886.00           .0000         16.7408         34.5494           .3999           .4152          1.4000       2477.1310
    1886.08           .0000         16.7408           .0000           .3999           .4575          1.5000       2475.6970
    1886.17           .0000         16.7408           .0000           .3999           .5776           .2000       2474.3230
    1886.25           .0000         16.7408           .0000           .3999          2.3358           .8000       2471.8470
    1886.33           .6281         16.7408           .0416           .3999          6.3469           .9000       2470.0280
    1886.42          6.2424         16.7408           .2907           .3999         10.6603          3.7000       2463.4900
    1886.50         29.4840         16.7408          1.0377           .3999         10.9523         10.2000       2446.7180
    1886.58         59.4915         16.7408          2.3008           .3999         10.6940         13.7000       2427.7150
    1886.67           .0000         24.7003         42.2759           .4000         10.2409         10.5000       2419.9160
    1886.75           .0000         24.7003         42.2759           .4000          6.0515          2.0000       2395.3100
    1886.83           .0000         24.7003         42.2759           .4000          3.4039          1.3000       2386.7210
    1886.92           .0000         24.7003         42.2759           .4000          1.0186          1.7000       2383.5340
    1887.00           .0000         24.7003         42.2759           .4000           .5003          1.2000       2382.0880
    1887.08           .0000         24.7003           .0000           .4000           .2596          1.3000       2380.8700
    1887.17           .0000         24.7003           .0000           .4000           .5562          1.4000       2379.7330
    1887.25           .0000         24.7003           .0000           .4000          2.7176          1.0000       2377.1210
    1887.33          1.2204         24.7003           .0382           .4000          6.4896          4.2000       2373.6090
    1887.42         16.0136         24.7003           .6146           .4000         11.4543          4.8000       2362.3060
    1887.50         40.8873         24.7003          2.2392           .4000         11.9493         18.2000       2345.4790
    1887.58         70.7826         24.7003          4.1807           .4000         11.5425         13.5000       2327.5940
    1887.67           .0000         29.1728         56.1920           .4000         10.4866          6.3000       2342.7360
    1887.75           .0000         29.1728         56.1920           .4000          6.8353          7.1000       2317.0600
    1887.83           .0000         29.1728         56.1920           .4000          3.2325          6.4000       2298.9800
    1887.92           .0000         29.1728         56.1920           .4000          1.3497          4.1000       2291.6800
    1888.00           .0000         29.1728         56.1920           .4000           .6413           .2000       2289.5060
    1888.08           .0000         29.1728           .0000           .4000           .4430          1.4000       2288.0270
    1888.17           .0000         29.1728           .0000           .4000           .7751          1.5000       2286.8330
    1888.25           .0000         29.1728           .0000           .4000          2.5222          4.2000       2283.8110
    1888.33          2.6625         29.1728           .0367           .4000          4.8214          1.1000       2281.8020
    1888.42         15.6693         29.1728           .5387           .4000          9.8387          5.2000       2274.2230
    1888.50         26.4212         29.1728          2.0693           .4000         12.8863          5.1000       2268.2660
    1888.58         48.7263         29.1728          3.8302           .4000         11.9422         16.0000       2252.9590
    1888.67           .0000         20.2501         43.3939           .4000         10.7766          8.9000       2258.7890
    1888.75           .0000         20.2501         43.3939           .4000          6.7613          8.4000       2235.8080
    1888.83           .0000         20.2501         43.3939           .4000          2.9186          4.1000       2222.2690
    1888.92           .0000         20.2501         43.3939           .4000           .7106          3.9000       2219.7420
    1889.00           .0000         20.2501         43.3939           .4000           .4034          1.8000       2218.3840
    1889.08           .0000         20.2501           .0000           .4000           .3672          2.8000       2217.2480
    1889.17           .0000         20.2501           .0000           .4000           .8879          2.4000       2216.2190
    1889.25           .0000         20.2501           .0000           .4000          1.5774          1.4000       2215.0900
    1889.33          2.9772         20.2501           .0448           .4000          4.4695          1.4000       2213.6160
    1889.42         14.8196         20.2501           .4973           .4000          9.4783          8.2000       2206.5120
    1889.50         28.2902         20.2501          1.8829           .4000         12.6105          4.9000       2200.9680
    1889.58         42.8922         20.2501          3.5965           .4000         12.3058         11.3000       2192.5100
    1889.67           .0000         17.5751         39.2783           .3998         10.9926           .9000       2208.2700
    1889.75           .0000         17.5751         39.2783           .3998          6.6505          5.8000       2199.5010
    1889.83           .0000         17.5751         39.2783           .3998          3.4395          3.9000       2186.8830
    1889.92           .0000         17.5751         39.2783           .3998           .7160          4.2000       2183.5630
    1890.00           .0000         17.5751         39.2783           .3998           .3528          3.4000       2182.0720
    1890.08           .0000         17.5751           .0000           .3998           .3863          2.3000       2180.8700
    1890.17           .0000         17.5751           .0000           .3998           .7340           .4000       2179.8040
    1890.25           .0000         17.5751           .0000           .3998          2.0027          3.6000       2178.7940
    1890.33          3.1812         17.5751           .0430           .3998          5.0087          6.1000       2176.9690
    1890.42         14.5031         17.5751           .5172           .3998          9.2672          3.3000       2169.2340
    1890.50         28.7386         17.5751          2.0318           .3998         12.9574         12.3000       2159.7690
    1890.58         52.1183         17.5751          3.9402           .3998         11.8669         10.3000       2147.6990
    1890.67           .0000         21.4508         45.8504           .4000         10.6482          5.8000       2157.7960
    1890.75           .0000         21.4508         45.8504           .4000          7.0668          5.5000       2143.6540
    1890.83           .0000         21.4508         45.8504           .4000          3.5110          8.8000       2130.5540
    1890.92           .0000         21.4508         45.8504           .4000           .8018          3.9000       2127.9970
    1891.00           .0000         21.4508         45.8504           .4000           .6988           .6000       2126.3620
    1891.08           .0000         21.4508           .0000           .4000           .4652          1.8000       2125.1910
    1891.17           .0000         21.4508           .0000           .4000          1.1824          3.5000       2123.7490
    1891.25           .0000         21.4508           .0000           .4000          2.4690           .5000       2121.6540
    1891.33          2.8394         21.4508           .0802           .4000          7.4492          2.3000       2116.6550
    1891.42         13.8333         21.4508           .7533           .4000         11.3330         10.5000       2108.6570
    1891.50         27.4518         21.4508          2.0360           .4000         10.4249         17.3000       2099.8770
    1891.58         50.3490         21.4508          3.9261           .4000         12.7248          7.2000       2089.4630
    1891.67           .0000         20.7544         43.9662           .4000         11.2557          4.1000       2110.5590
    1891.75           .0000         20.7544         43.9662           .4000          7.7301          1.7000       2104.3810
    1891.83           .0000         20.7544         43.9662           .4000          3.0530         14.5000       2088.8160
    1891.92           .0000         20.7544         43.9662           .4000           .9753          5.5000       2084.7350
    1892.00           .0000         20.7544         43.9662           .4000           .5949          1.7000       2083.2740
    1892.08           .0000         20.7544           .0000           .4000           .4659          2.9000       2082.0900
    1892.17           .0000         20.7544           .0000           .4000          1.1151           .9000       2081.0400
    1892.25           .0000         20.7544           .0000           .4000          2.8180          3.3000       2079.2580
    1892.33          2.7606         20.7544           .0413           .4000          6.2921          4.4000       2075.8060
    1892.42         13.4068         20.7544           .6032           .4000          9.6711         10.2000       2065.4760
    1892.50         28.8661         20.7544          2.0343           .4000         11.4972          7.2000       2057.4210
    1892.58         54.0702         20.7544          4.0024           .4000         12.7385         10.1000       2045.7250
    1892.67           .0000         22.4519         46.8505           .4000         10.1017         10.0000       2052.5040
    1892.75           .0000         22.4519         46.8505           .4000          5.5816         12.3000       2031.4790
    1892.83           .0000         22.4519         46.8505           .4000          3.2220           .5000       2023.4490
    1892.92           .0000         22.4519         46.8505           .4000          1.7908           .0000       2019.4300
    1893.00           .0000         22.4519         46.8505           .4000           .8178           .7000       2017.7060
    1893.08           .0000         22.4519           .0000           .4000           .4556           .2000       2016.8960
    1893.17           .0000         22.4519           .0000           .4000          1.3585          2.9000       2015.5820
    1893.25           .0000         22.4519           .0000           .4000          3.6806          1.7000       2012.4860
    1893.33          2.2985         22.4519           .0481           .4000          6.2038          2.9000       2010.0250
    1893.42          6.2555         22.4519           .5408           .4000         10.8214          3.0000       2007.2650
    1893.50         23.5284         22.4519          1.3917           .4000         11.0180         13.5000       1999.0650
    1893.58         50.2594         22.4519          2.9073           .4000         12.3410          8.0000       1989.9580
    1893.67           .0000         20.4552         38.8663           .4000         10.7860          7.1000       1999.4830
    1893.75           .0000         20.4552         38.8663           .4000          6.3171          5.9000       1981.8470
    1893.83           .0000         20.4552         38.8663           .4000          3.5906          7.2000       1969.6690
    1893.92           .0000         20.4552         38.8663           .4000           .9778          9.8000       1965.2260
    1894.00           .0000         20.4552         38.8663           .4000           .2899          1.9000       1964.0740
    1894.08           .0000         20.4552           .0000           .4000           .6101           .2000       1963.1480
    1894.17           .0000         20.4552           .0000           .4000           .3752          1.1000       1962.3250
    1894.25           .0000         20.4552           .0000           .4000          2.1537           .2000       1961.2410
    1894.33          2.3305         20.4552           .0333           .4000          5.6427          4.6000       1958.7270
    1894.42         13.9290         20.4552           .6066           .4000         10.4025          7.3000       1950.7040
    1894.50         29.3598         20.4552          2.0603           .4000         11.6622          4.1000       1944.8800
    1894.58         45.1377         20.4552          4.0589           .4000         12.7687         15.0000       1937.9950
    1894.67           .0000         18.8185         43.2864           .3999         11.1513         11.7000       1943.2430
    1894.75           .0000         18.8185         43.2864           .3999          6.5942          6.0000       1926.5940
    1894.83           .0000         18.8185         43.2864           .3999          3.1557          4.5000       1917.8190
    1894.92           .0000         18.8185         43.2864           .3999          1.7078           .9000       1912.2030
    1895.00           .0000         18.8185         43.2864           .3999           .6201           .9000       1910.7560
    1895.08           .0000         18.8185           .0000           .3999           .6016           .1000       1909.5840
    1895.17           .0000         18.8185           .0000           .3999          1.4161           .1000       1908.2300
    1895.25           .0000         18.8185           .0000           .3999          2.0052          1.4000       1907.1680
    1895.33          2.1582         18.8185           .0336           .3999          5.6087          2.5000       1905.4500
    1895.42         16.5654         18.8185           .4489           .3999          9.4108          5.1000       1901.5190
    1895.50         36.1787         18.8185          2.0387           .3999         12.1193         18.4000       1892.8680
    1895.58         59.0327         18.8185          4.2490           .3999         12.6406         11.6000       1884.2820
    1895.67           .0000         24.4698         50.4094           .4000         10.0467         19.8000       1893.4120
    1895.75           .0000         24.4698         50.4094           .4000          6.8433          4.1000       1874.3880
    1895.83           .0000         24.4698         50.4094           .4000          2.3184          3.1000       1867.7100
    1895.92           .0000         24.4698         50.4094           .4000          1.0416           .2000       1865.2510
    1896.00           .0000         24.4698         50.4094           .4000           .6302          1.1000       1863.8390
    1896.08           .0000         24.4698           .0000           .4000           .4401           .6000       1862.8860
    1896.17           .0000         24.4698           .0000           .4000           .4968          1.3000       1862.1190
    1896.25           .0000         24.4698           .0000           .4000          2.5975          1.3000       1860.4240
    1896.33          3.0608         24.4698           .0463           .4000          6.8898          2.4000       1858.1540
    1896.42         26.8770         24.4698           .7933           .4000         10.1066          9.0000       1849.8060
    1896.50         55.7578         24.4698          2.8519           .4000         11.5189         12.8000       1841.5450
    1896.58         85.8001         24.4698          5.4677           .4000         12.3253          6.1000       1833.5410
    1896.67           .0000         35.1344         70.3687           .4000         11.2843          2.2000       1876.4850
    1896.75           .0000         35.1344         70.3687           .4000          6.4753          7.3000       1857.0550
    1896.83           .0000         35.1344         70.3687           .4000          3.7520          3.4000       1843.3090
    1896.92           .0000         35.1344         70.3687           .4000           .8561          1.2000       1840.9430
    1897.00           .0000         35.1344         70.3687           .4000           .6231          1.7000       1839.4830
    1897.08           .0000         35.1344           .0000           .4000           .3386          1.7000       1838.4710
    1897.17           .0000         35.1344           .0000           .4000           .8099           .5000       1837.5820
    1897.25           .0000         35.1344           .0000           .4000          2.6783          3.0000       1836.1120
    1897.33          2.4477         35.1344           .0432           .4000          6.3219           .9000       1837.1510
    1897.42          9.8615         35.1344           .3604           .4000          8.6362         15.1000       1830.6050
    1897.50         22.6430         35.1344          1.2659           .4000         10.7818          3.8000       1824.4960
    1897.58         41.6040         35.1344          2.6497           .4000         11.7062          9.4000       1815.7390
    1897.67           .0000         16.9398         35.0654           .4000          9.1601          9.0000       1824.4180
    1897.75           .0000         16.9398         35.0654           .4000          6.3774          9.7000       1805.4320
    1897.83           .0000         16.9398         35.0654           .4000          3.2532          8.0000       1796.5760
    1897.92           .0000         16.9398         35.0654           .4000          1.4113           .3000       1792.0910
    1898.00           .0000         16.9398         35.0654           .4000           .5718          1.2000       1790.9400
    1898.08           .0000         16.9398           .0000           .4000           .4007          3.1000       1790.1320
    1898.17           .0000         16.9398           .0000           .4000           .8565           .5000       1789.4200
    1898.25           .0000         16.9398           .0000           .4000          2.5561           .5000       1788.2230
    1898.33          1.5825         16.9398           .0606           .4000          7.1211          1.4000       1784.7720
    1898.42         16.1885         16.9398           .4709           .4000          8.7786          7.9000       1777.8330
    1898.50         31.9879         16.9398          1.9886           .4000         10.8038         12.7000       1769.8120
    1898.58         46.7991         16.9398          3.9366           .4000         12.4920          2.5000       1766.7200
    1898.67           .0000         18.9236         42.8312           .3999         10.2814         14.7000       1780.3710
    1898.75           .0000         18.9236         42.8312           .3999          6.9240          6.6000       1762.0410
    1898.83           .0000         18.9236         42.8312           .3999          3.4188          5.5000       1751.8750
    1898.92           .0000         18.9236         42.8312           .3999          1.2767          4.4000       1747.9540
    1899.00           .0000         18.9236         42.8312           .3999           .4739          2.0000       1746.9380
    1899.08           .0000         18.9236           .0000           .3999           .8241          1.0000       1746.1640
    1899.17           .0000         18.9236           .0000           .3999           .6302          1.4000       1745.4800
    1899.25           .0000         18.9236           .0000           .3999          2.1281          4.8000       1744.6210
    1899.33          3.2018         18.9236           .0519           .3999          7.4004          2.5000       1740.0120
    1899.42         15.6097         18.9236           .7033           .3999         10.0854          5.7000       1734.3350
    1899.50         23.6860         18.9236          2.2536           .3999         12.5954          2.5000       1733.8300
    1899.58         29.3614         18.9236          4.0089           .3999         14.5575          2.0000       1733.5330
    1899.67           .0000         11.8296         33.7801           .3994         11.0622          8.4000       1738.8390
    1899.75           .0000         11.8296         33.7801           .3994          6.4827          5.9000       1725.4770
    1899.83           .0000         11.8296         33.7801           .3994          3.0923          4.2000       1717.2990
    1899.92           .0000         11.8296         33.7801           .3994          1.2982          1.0000       1714.1570
    1900.00           .0000         11.8296         33.7801           .3994           .7384          3.4000       1713.0520
    1900.08           .0000         11.8296           .0000           .3994           .5476           .5000       1712.2470
    1900.17           .0000         11.8296           .0000           .3994           .6222          1.5000       1711.5830
    1900.25           .0000         11.8296           .0000           .3994          2.7925          3.8000       1710.2590
    1900.33          3.0335         11.8296           .0521           .3994          6.2724          3.8000       1707.4460
    1900.42         12.9021         11.8296           .6465           .3994         10.5543          9.6000       1701.7420
    1900.50         25.9301         11.8296          2.0933           .3994         11.7610         13.7000       1693.3450
    1900.58         39.1427         11.8296          3.8499           .3994         13.2248          4.4000       1690.3260
    1900.67           .0000         15.9624         37.6303           .3999         10.1763          4.3000       1709.5980
    1900.75           .0000         15.9624         37.6303           .3999          6.6464          5.6000       1695.3330
    1900.83           .0000         15.9624         37.6303           .3999          3.2955          8.4000       1686.0750
    1900.92           .0000         15.9624         37.6303           .3999          1.2173           .7000       1682.2870
    1901.00           .0000         15.9624         37.6303           .3999           .3439          2.8000       1681.2920
    1901.08           .0000         15.9624           .0000           .3999           .4246           .2000       1680.5470
    1901.17           .0000         15.9624           .0000           .3999           .5584          1.2000       1679.8920
    1901.25           .0000         15.9624           .0000           .3999          2.0875           .6000       1679.0160
    1901.33          1.9601         15.9624           .0447           .3999          5.6977          2.3000       1678.0390
    1901.42          6.8066         15.9624           .4786           .3999          9.8514          1.9000       1676.6950
    1901.50         24.6166         15.9624          1.3960           .3999         11.2419         10.2000       1670.6300
    1901.58         39.3848         15.9624          2.9117           .3999         12.3895          6.4000       1667.7310
    1901.67           .0000         15.9446         34.5014           .3998         10.6010          8.5000       1675.9740
    1901.75           .0000         15.9446         34.5014           .3998          6.4114         16.3000       1659.5470
    1901.83           .0000         15.9446         34.5014           .3998          3.2387         10.1000       1651.0570
    1901.92           .0000         15.9446         34.5014           .3998          1.2350          5.7000       1647.7490
    1902.00           .0000         15.9446         34.5014           .3998           .3246          3.6000       1646.9150
    1902.08           .0000         15.9446           .0000           .3998           .3425           .7000       1646.2480
    1902.17           .0000         15.9446           .0000           .3998           .6200          2.7000       1645.6550
    1902.25           .0000         15.9446           .0000           .3998          2.0703          6.7000       1644.9580
    1902.33          2.4702         15.9446           .0359           .3998          5.2509          3.0000       1643.4400
    1902.42         12.3152         15.9446           .4523           .3998          9.5050          6.3000       1638.7780
    1902.50         22.4466         15.9446          1.5493           .3998         11.3448          7.9000       1634.9690
    1902.58         35.9264         15.9446          2.9991           .3998         11.6693          4.6000       1631.7460
    1902.67           .0000         14.7682         33.9596           .3999          9.5775          8.4000       1640.5640
    1902.75           .0000         14.7682         33.9596           .3999          7.1997          6.2000       1628.6140
    1902.83           .0000         14.7682         33.9596           .3999          2.2744          8.2000       1621.6740
    1902.92           .0000         14.7682         33.9596           .3999          1.6074           .6000       1617.7450
    1903.00           .0000         14.7682         33.9596           .3999           .3607          3.5000       1616.7120
    1903.08           .0000         14.7682           .0000           .3999           .4781          3.7000       1616.0460
    1903.17           .0000         14.7682           .0000           .3999           .6196          1.6000       1615.4610
    1903.25           .0000         14.7682           .0000           .3999          3.0825          3.3000       1614.4170
    1903.33          1.7136         14.7682           .0838           .3999          7.6401          2.1000       1611.7250
    1903.42         12.7678         14.7682           .6261           .3999          9.7485         12.9000       1604.7400
    1903.50         27.5892         14.7682          1.9364           .3999         10.7979          9.3000       1597.0000
    1903.58         41.7500         14.7682          3.7069           .3999         12.6449          6.3000       1593.5340
    1903.67           .0000         17.2004         38.3536           .4000         10.6374          8.7000       1603.1810
    1903.75           .0000         17.2004         38.3536           .4000          5.5591         15.0000       1588.6320
    1903.83           .0000         17.2004         38.3536           .4000          3.9070          6.6000       1580.9380
    1903.92           .0000         17.2004         38.3536           .4000          1.2266          2.5000       1577.5110
    1904.00           .0000         17.2004         38.3536           .4000           .3355          1.5000       1576.6960
    1904.08           .0000         17.2004           .0000           .4000           .3252          2.5000       1576.0730
    1904.17           .0000         17.2004           .0000           .4000           .7474           .3000       1575.5220
    1904.25           .0000         17.2004           .0000           .4000          2.0538          1.8000       1574.7910
    1904.33          1.9979         17.2004           .0264           .4000          5.4123          6.1000       1573.2750
    1904.42         10.4656         17.2004           .4127           .4000          8.9898          7.5000       1568.3880
    1904.50         22.9186         17.2004          1.4969           .4000         10.8493          8.7000       1562.7480
    1904.58         39.3169         17.2004          3.1645           .4000         12.8520          8.1000       1556.9190
    1904.67           .0000         16.3298         36.0975           .4000         10.7625          7.1000       1566.7610
    1904.75           .0000         16.3298         36.0975           .4000          6.9353          4.7000       1554.7760
    1904.83           .0000         16.3298         36.0975           .4000          3.9456          2.0000       1548.4750
    1904.92           .0000         16.3298         36.0975           .4000          1.4472           .1000       1546.5880
    1905.00           .0000         16.3298         36.0975           .4000           .7696          1.0000       1545.7770
    1905.08           .0000         16.3298           .0000           .4000           .7683           .7000       1545.0750
    1905.17           .0000         16.3298           .0000           .4000          1.1438          1.0000       1544.4850
    1905.25           .0000         16.3298           .0000           .4000          4.1792          5.6000       1542.3610
    1905.33          3.0086         16.3298           .0430           .4000          6.8606          3.0000       1538.3850
    1905.42         13.0671         16.3298           .7117           .4000         10.9303          3.5000       1535.4720
    1905.50         30.9110         16.3298          2.0857           .4000         12.8180          6.2000       1532.6240
    1905.58         43.0338         16.3298          3.9327           .4000         14.1706          5.8000       1530.6490
    1905.67           .0000         17.3591         39.4279           .3996         11.4312          4.9000       1548.4950
    1905.75           .0000         17.3591         39.4279           .3996          7.2337           .4000       1546.2220
    1905.83           .0000         17.3591         39.4279           .3996          2.9300          7.7000       1539.2670
    1905.92           .0000         17.3591         39.4279           .3996          1.0593          1.8000       1536.2300
    1906.00           .0000         17.3591         39.4279           .3996           .4981           .8000       1535.0160
    1906.08           .0000         17.3591           .0000           .3996           .4902          1.4000       1534.1770
    1906.17           .0000         17.3591           .0000           .3996           .6623          2.3000       1533.4950
    1906.25           .0000         17.3591           .0000           .3996          1.6265          2.5000       1532.8840
    1906.33          1.2902         17.3591           .0154           .3996          4.0436          2.0000       1533.3760
    1906.42          7.9192         17.3591           .3277           .3996          9.7829         11.8000       1527.7580
    1906.50         17.8116         17.3591          1.3317           .3996         12.0239          8.1000       1521.1160
    1906.58         27.4672         17.3591          2.7337           .3996         12.8455          2.6000       1520.3950
    1906.67           .0000         11.2148         28.3089           .3998         11.1628          2.7000       1536.7110
    1906.75           .0000         11.2148         28.3089           .3998          6.9063          6.9000       1528.7300
    1906.83           .0000         11.2148         28.3089           .3998          3.0199          5.9000       1519.6020
    1906.92           .0000         11.2148         28.3089           .3998          1.1247           .9000       1517.1140
    1907.00           .0000         11.2148         28.3089           .3998           .3190          2.2000       1516.2400
    1907.08           .0000         11.2148           .0000           .3998           .3760          2.3000       1515.5770
    1907.17           .0000         11.2148           .0000           .3998           .3798           .8000       1514.9900
    1907.25           .0000         11.2148           .0000           .3998          1.9978           .4000       1514.2910
    1907.33          1.9820         11.2148           .0283           .3998          5.1106          7.6000       1512.8340
    1907.42          8.6154         11.2148           .3965           .3998          9.6026          6.0000       1508.3140
    1907.50         17.9519         11.2148          1.3857           .3998         10.9814         18.3000       1499.9270
    1907.58         30.8562         11.2148          2.6588           .3998         12.0446          6.3000       1495.2990
    1907.67           .0000         12.7973         28.9560           .4000         10.0506          4.9000       1507.0480
    1907.75           .0000         12.7973         28.9560           .4000          6.6300          4.9000       1493.9460
    1907.83           .0000         12.7973         28.9560           .4000          3.4037          2.0000       1486.8890
    1907.92           .0000         12.7973         28.9560           .4000           .8743           .6000       1485.2670
    1908.00           .0000         12.7973         28.9560           .4000           .5192           .4000       1484.4340
    1908.08           .0000         12.7973           .0000           .4000           .6687          1.2000       1483.8860
    1908.17           .0000         12.7973           .0000           .4000           .3744           .6000       1483.4450
    1908.25           .0000         12.7973           .0000           .4000          3.3042           .5000       1482.6340
    1908.33           .5286         12.7973           .0340           .4000          7.1971          1.1000       1483.3900
    1908.42          9.0355         12.7973           .2916           .4000          9.9139          8.3000       1479.4300
    1908.50         27.5007         12.7973          1.3304           .4000         12.0376         10.1000       1473.2690
    1908.58         58.5502         12.7973          2.9289           .4000         12.2612         12.8000       1466.6870
    1908.67           .0000         24.1754         42.3619           .4000         10.7084          3.5000       1485.9820
    1908.75           .0000         24.1754         42.3619           .4000          7.2619          1.2000       1480.8750
    1908.83           .0000         24.1754         42.3619           .4000          3.8046          4.6000       1476.1100
    1908.92           .0000         24.1754         42.3619           .4000          1.4005          4.2000       1471.1720
    1909.00           .0000         24.1754         42.3619           .4000           .5962          2.8000       1469.9620
    1909.08           .0000         24.1754           .0000           .4000           .4493          2.4000       1469.2270
    1909.17           .0000         24.1754           .0000           .4000           .6109          1.4000       1468.6050
    1909.25           .0000         24.1754           .0000           .4000          2.0275          1.5000       1467.9390
    1909.33          1.0090         24.1754           .0695           .4000          8.4964           .0000       1468.9960
    1909.42          2.5345         24.1754           .4143           .4000         13.4526           .7000       1467.9500
    1909.50          7.0182         24.1754           .9073           .4000         13.3362          4.5000       1465.8510
    1909.58         12.1484         24.1754          1.5291           .4000         14.1903          4.0000       1464.2560
    1909.67           .0000          4.8906         13.0945           .3998         10.6239         14.9000       1461.2660
    1909.75           .0000          4.8906         13.0945           .3998          6.2208          4.7000       1451.3940
    1909.83           .0000          4.8906         13.0945           .3998          3.2367          3.6000       1446.0460
    1909.92           .0000          4.8906         13.0945           .3998          1.3332          1.8000       1443.3630
    1910.00           .0000          4.8906         13.0945           .3998           .5132           .3000       1442.5130
    1910.08           .0000          4.8906           .0000           .3998           .7161           .5000       1441.7930
    1910.17           .0000          4.8906           .0000           .3998          1.3015          1.4000       1440.8870
    1910.25           .0000          4.8906           .0000           .3998          3.6291          1.4000       1439.4560
    1910.33          1.4879          4.8906           .0414           .3998          7.2002          3.5000       1437.0920
    1910.42          9.9372          4.8906           .5006           .3998         10.6380          6.5000       1432.9850
    1910.50         21.6495          4.8906          1.5957           .3998         11.3497         16.2000       1426.2800
    1910.58         34.2557          4.8906          3.0640           .3998         13.0616         10.5000       1421.7790
    1910.67           .0000         14.1964         32.1785           .4000         10.9300          9.0000       1428.7030
    1910.75           .0000         14.1964         32.1785           .4000          6.7874          9.4000       1418.2160
    1910.83           .0000         14.1964         32.1785           .4000          3.0497          7.7000       1412.3620
    1910.92           .0000         14.1964         32.1785           .4000          1.5689          1.5000       1408.8910
    1911.00           .0000         14.1964         32.1785           .4000           .4392           .7000       1408.1930
    1911.08           .0000         14.1964           .0000           .4000           .2508          2.8000       1407.6880
    1911.17           .0000         14.1964           .0000           .4000           .7977           .4000       1407.2450
    1911.25           .0000         14.1964           .0000           .4000          2.0341          2.6000       1406.5580
    1911.33          1.7996         14.1964           .0333           .4000          6.3360          2.2000       1405.9380
    1911.42          8.8353         14.1964           .4609           .4000          9.8182          8.0000       1401.2240
    1911.50         17.4510         14.1964          1.3094           .4000         11.2710          6.7000       1398.7370
    1911.58         28.7411         14.1964          2.5946           .4000         12.7554         10.9000       1395.3870
    1911.67           .0000         11.9351         27.5299           .4000         10.6636          2.2000       1411.1590
    1911.75           .0000         11.9351         27.5299           .4000          6.6863          4.5000       1404.5600
    1911.83           .0000         11.9351         27.5299           .4000          2.8682         13.7000       1397.4740
    1911.92           .0000         11.9351         27.5299           .4000           .9407          2.0000       1395.5630
    1912.00           .0000         11.9351         27.5299           .4000           .6186          1.4000       1394.6650
    1912.08           .0000         11.9351           .0000           .4000           .6170           .7000       1394.0420
    1912.17           .0000         11.9351           .0000           .4000          1.1523          1.2000       1393.3830
    1912.25           .0000         11.9351           .0000           .4000          2.2564          4.7000       1392.3600
    1912.33          1.5846         11.9351           .0275           .4000          5.6587           .7000       1391.9000
    1912.42          8.0504         11.9351           .3511           .4000          9.8004          5.8000       1388.4800
    1912.50         17.6419         11.9351          1.3090           .4000         11.8737         13.6000       1383.9620
    1912.58         27.1117         11.9351          2.6128           .4000         13.4407          6.1000       1381.4910
    1912.67           .0000         11.1865         26.9003           .3999         12.1330         12.6000       1390.0630
    1912.75           .0000         11.1865         26.9003           .3999          6.4099          6.0000       1379.7550
    1912.83           .0000         11.1865         26.9003           .3999          2.9284          4.8000       1374.2150
    1912.92           .0000         11.1865         26.9003           .3999          1.0381          2.9000       1372.0200
    1913.00           .0000         11.1865         26.9003           .3999           .2528          1.2000       1371.4030
    1913.08           .0000         11.1865           .0000           .3999           .5151          1.0000       1370.9230
    1913.17           .0000         11.1865           .0000           .3999          1.2016          2.1000       1370.4260
    1913.25           .0000         11.1865           .0000           .3999          2.1114           .8000       1369.7170
    1913.33          2.2506         11.1865           .0394           .3999          6.6311          3.7000       1367.1760
    1913.42         10.2119         11.1865           .4617           .3999         10.4901          2.8000       1364.9450
    1913.50         20.4883         11.1865          1.5269           .3999         11.6107         14.7000       1360.8620
    1913.58         29.0377         11.1865          2.9270           .3999         13.4738          1.4000       1361.0340
    1913.67           .0000         11.6769         28.3072           .3998         11.8847          7.1000       1370.3470
    1913.75           .0000         11.6769         28.3072           .3998          6.1611          1.1000       1368.1220
    1913.83           .0000         11.6769         28.3072           .3998          3.3460         10.9000       1363.2690
    1913.92           .0000         11.6769         28.3072           .3998          1.0981           .4000       1361.1640
    1914.00           .0000         11.6769         28.3072           .3998           .4555          1.9000       1360.2180
    1914.08           .0000         11.6769           .0000           .3998           .4280           .8000       1359.6460
    1914.17           .0000         11.6769           .0000           .3998           .8540          1.0000       1359.1530
    1914.25           .0000         11.6769           .0000           .3998          3.0338          2.6000       1357.8860
    1914.33          2.2146         11.6769           .0496           .3998          7.3018          1.8000       1356.3850
    1914.42          9.0440         11.6769           .5526           .3998         11.4644         13.1000       1352.0460
    1914.50         18.4316         11.6769          1.4840           .3998         10.9332          6.8000       1347.7020
    1914.58         31.3844         11.6769          2.8278           .3998         13.2005          6.4000       1344.5490
    1914.67           .0000         12.9817         29.5984           .4000          9.4615         16.2000       1349.8270
    1914.75           .0000         12.9817         29.5984           .4000          5.3767          3.5000       1340.2230
    1914.83           .0000         12.9817         29.5984           .4000          3.1878          4.8000       1335.8930
    1914.92           .0000         12.9817         29.5984           .4000           .8585          3.8000       1334.2890
    1915.00           .0000         12.9817         29.5984           .4000           .2960           .5000       1333.7700
    1915.08           .0000         12.9817           .0000           .4000           .5819           .9000       1333.3450
    1915.17           .0000         12.9817           .0000           .4000           .6347          1.3000       1332.9630
    1915.25           .0000         12.9817           .0000           .4000          3.2181           .0000       1332.1520
    1915.33          1.8644         12.9817           .0317           .4000          5.9937         11.4000       1330.4010
    1915.42          7.8411         12.9817           .4220           .4000         11.2382          3.5000       1327.2390
    1915.50         15.2828         12.9817          1.4124           .4000         12.8053          4.9000       1325.4740
    1915.58         23.7049         12.9817          2.5647           .4000         12.6145          8.3000       1323.4900
    1915.67           .0000          9.7507         24.0655           .3999         10.6513          2.6000       1338.1530
    1915.75           .0000          9.7507         24.0655           .3999          5.6121          6.7000       1329.4330
    1915.83           .0000          9.7507         24.0655           .3999          3.4524           .6000       1324.9990
    1915.92           .0000          9.7507         24.0655           .3999           .9001          7.0000       1323.8350
    1916.00           .0000          9.7507         24.0655           .3999           .6337           .7000       1323.3780
    1916.08           .0000          9.7507           .0000           .3999           .6675           .8000       1322.9360
    1916.17           .0000          9.7507           .0000           .3999          1.2851          3.2000       1322.4820
    1916.25           .0000          9.7507           .0000           .3999          2.5485          1.5000       1321.4800
    1916.33           .7625          9.7507           .0554           .3999          8.5777           .1000       1320.9170
    1916.42          4.3442          9.7507           .3196           .3999         11.5472         12.9000       1317.1170
    1916.50         11.5583          9.7507           .9894           .3999         13.6583          3.2000       1315.6050
    1916.58         21.6701          9.7507          1.8395           .3999         13.1538         15.4000       1311.1870
    1916.67           .0000          9.0036         19.4291           .3999         10.4788          7.6000       1313.9610
    1916.75           .0000          9.0036         19.4291           .3999          6.7765          4.3000       1305.6440
    1916.83           .0000          9.0036         19.4291           .3999          3.1872           .5000       1302.5870
    1916.92           .0000          9.0036         19.4291           .3999          1.4135          1.2000       1301.0780
    1917.00           .0000          9.0036         19.4291           .3999           .5554          3.1000       1300.5160
    1917.08           .0000          9.0036           .0000           .3999           .4220          2.6000       1300.1310
    1917.17           .0000          9.0036           .0000           .3999           .8630           .4000       1299.7890
    1917.25           .0000          9.0036           .0000           .3999          2.5313          4.6000       1299.1530
    1917.33           .7034          9.0036           .0395           .3999          7.1261           .0000       1298.8600
    1917.42          4.8166          9.0036           .3215           .3999         12.3556          3.5000       1297.6740
    1917.50         11.6665          9.0036          1.0424           .3999         15.0090          4.2000       1296.3960
    1917.58         19.1387          9.0036          1.9689           .3999         14.8174          4.2000       1295.6840
    1917.67           .0000          7.7194         19.3017           .3996         11.5226          5.2000       1304.3230
    1917.75           .0000          7.7194         19.3017           .3996          6.4688          7.5000       1298.6360
    1917.83           .0000          7.7194         19.3017           .3996          3.3589          1.2000       1294.3700
    1917.92           .0000          7.7194         19.3017           .3996          1.0891          2.3000       1293.0570
    1918.00           .0000          7.7194         19.3017           .3996           .5682          2.5000       1292.4880
    1918.08           .0000          7.7194           .0000           .3996           .5787          3.6000       1292.0740
    1918.17           .0000          7.7194           .0000           .3996           .4496           .3000       1291.7130
    1918.25           .0000          7.7194           .0000           .3996          1.6580          3.5000       1291.3290
    1918.33          1.6522          7.7194           .0256           .3996          5.5664           .5000       1290.0660
    1918.42          7.5166          7.7194           .3929           .3996         11.1641          9.2000       1285.9730
    1918.50         18.3639          7.7194          1.2832           .3996         12.2207          5.1000       1282.9110
    1918.58         29.0870          7.7194          2.6118           .3996         14.5016           .2000       1283.3250
    1918.67           .0000         11.6680         27.2890           .3995         11.5189         11.5000       1294.2480
    1918.75           .0000         11.6680         27.2890           .3995          6.8836          2.8000       1285.2840
    1918.83           .0000         11.6680         27.2890           .3995          3.8247           .5000       1282.6540
    1918.92           .0000         11.6680         27.2890           .3995           .9687          1.9000       1281.4050
    1919.00           .0000         11.6680         27.2890           .3995           .4121           .4000       1281.0630
    1919.08           .0000         11.6680           .0000           .3995           .8491           .4000       1280.5950
    1919.17           .0000         11.6680           .0000           .3995          1.0464           .7000       1280.1970
    1919.25           .0000         11.6680           .0000           .3995          2.9595          4.0000       1279.4230
    1919.33           .8462         11.6680           .0459           .3995          6.5577          4.5000       1279.2190
    1919.42          5.3257         11.6680           .4243           .3995         10.8094          1.5000       1277.9060
    1919.50         18.3413         11.6680          1.3455           .3995         12.1695         14.8000       1272.1460
    1919.58         28.1785         11.6680          2.6234           .3995         13.1458          2.3000       1271.8810
    1919.67           .0000         11.4258         26.5547           .3997         11.7425          7.2000       1284.2140
    1919.75           .0000         11.4258         26.5547           .3997          7.5097          2.8000       1278.9170
    1919.83           .0000         11.4258         26.5547           .3997          3.7093           .8000       1277.5590
    1919.92           .0000         11.4258         26.5547           .3997          1.4001           .0000       1276.9610
    1920.00           .0000         11.4258         26.5547           .3997           .6037          1.3000       1276.6660
