       time          agcacc          rlwacc          aglivc          somtc           cgrain          hi              pet             tnetmn(1)       avh2o(1)   

       1.00           .0000           .0000           .0000       3290.0000           .0000           .0000           .0000           .0000          2.2484
    1801.00           .0000           .0000          5.5035       2310.5370           .0000           .0000           .5962          4.5889          4.1540
    1802.00           .0000           .0000          1.2677       2321.5790           .0000           .0000           .5132          4.1667          4.8795
    1803.00           .0000           .0000          5.3908       2287.0180           .0000           .0000           .4392          7.5278          4.6317
    1804.00           .0000           .0000          3.1070       2296.8300           .0000           .0000           .6186          4.6261          5.7612
    1805.00           .0000           .0000          4.1215       2287.6380           .0000           .0000           .2528          5.5325          4.5977
    1806.00           .0000           .0000          5.5558       2308.3970           .0000           .0000           .4555          4.0215          4.1503
    1807.00           .0000           .0000          4.9772       2285.7580           .0000           .0000           .2960          6.0276          3.6668
    1808.00           .0000           .0000          1.8119       2310.6790           .0000           .0000           .6337          4.9405          1.5631
    1809.00           .0000           .0000          2.6896       2310.9400           .0000           .0000           .5554          5.4473          1.3424
    1810.00           .0000           .0000           .7241       2354.1520           .0000           .0000           .5682          3.8654          1.9087
    1811.00           .0000           .0000          3.2221       2362.2430           .0000           .0000           .4121          4.4336          1.0217
    1812.00           .0000           .0000           .9456       2398.8320           .0000           .0000           .6037          3.5145           .2587
    1813.00           .0000           .0000          2.6039       2371.9620           .0000           .0000           .5728          6.1351          1.6472
    1814.00           .0000           .0000          2.0816       2358.3250           .0000           .0000           .4152          5.0394          1.6631
    1815.00           .0000           .0000          2.4134       2342.8250           .0000           .0000           .5003          4.8364          1.1172
    1816.00           .0000           .0000          7.4097       2313.7180           .0000           .0000           .6413          4.9687          4.9215
    1817.00           .0000           .0000          4.4998       2298.0070           .0000           .0000           .4034          5.0407          5.3442
    1818.00           .0000           .0000          2.6172       2312.5690           .0000           .0000           .3528          4.7681          3.7597
    1819.00           .0000           .0000          4.2365       2301.8690           .0000           .0000           .6988          5.2573          5.6117
    1820.00           .0000           .0000          3.5741       2300.2150           .0000           .0000           .5949          4.8888          7.4191
    1821.00           .0000           .0000          6.0163       2281.5780           .0000           .0000           .8178          5.3386          1.9401
    1822.00           .0000           .0000          3.9319       2278.0230           .0000           .0000           .2899          4.9481          5.2389
    1823.00           .0000           .0000          4.6687       2269.9510           .0000           .0000           .6201          6.9083          3.4823
    1824.00           .0000           .0000          5.0349       2265.2400           .0000           .0000           .6302          5.9097          3.0951
    1825.00           .0000           .0000          3.3804       2271.3860           .0000           .0000           .6231          5.0560          2.8946
    1826.00           .0000           .0000          7.3408       2264.6010           .0000           .0000           .5718          5.0845          4.4238
    1827.00           .0000           .0000          3.9289       2258.4840           .0000           .0000           .4739          5.4991          5.4129
    1828.00           .0000           .0000          2.0671       2281.9900           .0000           .0000           .7384          5.2846          3.5548
    1829.00           .0000           .0000          3.4569       2281.1970           .0000           .0000           .3439          5.7114          3.5545
    1830.00           .0000           .0000          2.7031       2283.9910           .0000           .0000           .3246          5.4598          5.2700
    1831.00           .0000           .0000          7.4118       2279.9350           .0000           .0000           .3607          5.0082          4.3365
    1832.00           .0000           .0000          4.6827       2263.9520           .0000           .0000           .3355          5.9792          4.5818
    1833.00           .0000           .0000          3.3116       2267.4170           .0000           .0000           .7696          6.1687           .8870
    1834.00           .0000           .0000          1.2399       2310.1760           .0000           .0000           .4981          3.9269          3.4910
    1835.00           .0000           .0000          2.3770       2318.3190           .0000           .0000           .3190          5.0509          3.6825
    1836.00           .0000           .0000          5.2742       2313.5120           .0000           .0000           .5192          5.1066          1.3258
    1837.00           .0000           .0000          3.0908       2309.7110           .0000           .0000           .5962          4.5419          4.4316
    1838.00           .0000           .0000          1.3983       2322.5230           .0000           .0000           .5132          5.3232          4.9302
    1839.00           .0000           .0000          5.3610       2283.3650           .0000           .0000           .4392          6.9548          4.6316
    1840.00           .0000           .0000          3.0935       2293.6490           .0000           .0000           .6186          4.5237          5.7611
    1841.00           .0000           .0000          7.4257       2286.9850           .0000           .0000           .2528          5.1052          4.5528
    1842.00           .0000           .0000          2.1554       2303.6540           .0000           .0000           .4555          3.9836          4.2129
    1843.00           .0000           .0000          5.2175       2284.9400           .0000           .0000           .2960          7.3401          3.6661
    1844.00           .0000           .0000          1.5248       2316.2120           .0000           .0000           .6337          4.1264          1.4656
    1845.00           .0000           .0000          2.6146       2315.4650           .0000           .0000           .5554          5.2514          1.3188
    1846.00           .0000           .0000          1.5955       2360.7130           .0000           .0000           .5682          3.6105          1.8655
    1847.00           .0000           .0000          1.4195       2365.2880           .0000           .0000           .4121          4.6900          1.1287
    1848.00           .0000           .0000          1.0092       2401.2070           .0000           .0000           .6037          4.2090           .2500
    1849.00           .0000           .0000          2.2622       2376.8110           .0000           .0000           .5728          5.0843          1.6052
    1850.00           .0000           .0000          2.0525       2360.7170           .0000           .0000           .4152          4.7857          1.6288
    1851.00           .0000           .0000          5.0196       2347.7200           .0000           .0000           .5003          4.4749           .9412
    1852.00           .0000           .0000          4.1161       2315.7800           .0000           .0000           .6413          5.2160          5.2790
    1853.00           .0000           .0000          4.5142       2302.3610           .0000           .0000           .4034          5.9064          5.3381
    1854.00           .0000           .0000          2.4067       2316.5070           .0000           .0000           .3528          4.0773          3.6640
    1855.00           .0000           .0000          4.2254       2302.7270           .0000           .0000           .6988          5.2413          5.6116
    1856.00           .0000           .0000          6.3120       2301.1720           .0000           .0000           .5949          4.4276          7.4210
    1857.00           .0000           .0000          4.2368       2275.0330           .0000           .0000           .8178          5.8769          1.9411
    1858.00           .0000           .0000          3.7762       2277.1900           .0000           .0000           .2899          5.8801          5.2389
    1859.00           .0000           .0000          4.4179       2265.9240           .0000           .0000           .6201          5.8849          3.5354
    1860.00           .0000           .0000          4.9810       2259.6110           .0000           .0000           .6302          5.7246          3.0963
    1861.00           .0000           .0000          6.1876       2267.8470           .0000           .0000           .6231          4.5772          2.7806
    1862.00           .0000           .0000          4.2710       2258.4650           .0000           .0000           .5718          5.2365          4.4239
    1863.00           .0000           .0000          4.2348       2253.6760           .0000           .0000           .4739          6.7301          5.4158
    1864.00           .0000           .0000          1.8681       2280.0620           .0000           .0000           .7384          4.4594          3.2260
    1865.00           .0000           .0000          3.4329       2276.9230           .0000           .0000           .3439          5.5655          3.5338
    1866.00           .0000           .0000          6.0210       2280.4740           .0000           .0000           .3246          5.0261          5.2700
    1867.00           .0000           .0000          3.9964       2272.9450           .0000           .0000           .3607          5.4042          4.4256
    1868.00           .0000           .0000          4.9368       2258.3530           .0000           .0000           .3355          7.0372          4.5825
    1869.00           .0000           .0000          3.1098       2262.3600           .0000           .0000           .7696          5.3179           .7894
    1870.00           .0000           .0000          1.1352       2305.9690           .0000           .0000           .4981          3.7353          3.4535
    1871.00           .0000           .0000          5.6826       2313.6060           .0000           .0000           .3190          4.5817          3.6274
    1872.00           .0000           .0000          2.8948       2307.7560           .0000           .0000           .5192          5.2096          1.5485
    1873.00           .0000           .0000          2.9932       2306.7100           .0000           .0000           .5962          5.6417          4.3351
    1874.00           .0000           .0000          1.5168       2319.7070           .0000           .0000           .5132          5.2550          4.4013
    1875.00           .0000           .0000          5.3650       2278.5270           .0000           .0000           .4392          6.7302          4.6316
    1876.00           .0000           .0000          6.4078       2288.6740           .0000           .0000           .6186          4.1634          5.7709
    1877.00           .0000           .0000          4.0021       2278.2760           .0000           .0000           .2528          5.3928          4.6388
    1878.00           .0000           .0000          2.4078       2296.4320           .0000           .0000           .4555          5.0978          4.2026
    1879.00           .0000           .0000          4.8294       2275.4750           .0000           .0000           .2960          6.2085          3.6392
    1880.00           .0000           .0000          1.5108       2305.6550           .0000           .0000           .6337          4.0043          1.4550
    1881.00           .0000           .0000          4.9883       2306.9560           .0000           .0000           .5554          4.7404          1.1808
    1881.08           .0000           .0000          4.4908       2317.3220           .0000           .0000           .4220           .0300          1.3087
    1881.17           .0000           .0000          4.1159       2327.3320           .0000           .0000           .8630           .0624          3.4670
    1881.25           .0000           .0000          4.1108       2334.7110           .0000           .0000          2.5313           .1455          5.7491
    1881.33         11.6531           .0000          6.7075       3356.2910           .0000           .0000          7.1261           .3970          1.4327
    1881.42         31.9150           .0000          7.1802       3386.6210           .0000           .0000         12.3556           .6632           .0402
    1881.50         43.0122           .0000          7.6978       3348.8940           .0000           .0000         15.0090          1.1661           .0152
    1881.58         52.4019           .0000          3.9573       3307.7230           .0000           .0000         14.8174          1.6904           .0083
    1881.67         59.7290           .0000          1.9349       3216.4240           .0000           .0000         11.5226          2.4981           .0090
    1881.75         66.6528           .0000          6.4610       3131.6540           .0000           .0000          6.4688          3.4434          3.7198
    1881.83           .0000           .0000          7.7398       3087.3300           .0000           .0000          3.3589          3.8602          1.8500
    1881.92           .0000           .0000           .3654       3075.2410           .0000           .0000          1.0891          3.9905          1.9868
    1882.00           .0000           .0000           .3547       3068.4420           .0000           .0000           .5682          4.0726          2.2298
    1882.00           .0000           .0000           .3547       3068.4420           .0000           .0000           .5682          4.0726          2.2298
