       time          aglivc          cinput          pet             rain            somtc      

    1901.00          3.4577        232.6514           .3439          2.8000       2768.7220
    1902.00          3.7080        233.7162           .3246          3.6000       2768.2900
    1903.00          4.3424        237.2201           .3607          3.5000       2760.7230
    1904.00          4.9472        255.4457           .3355          1.5000       2747.3490
    1905.00          3.3310        267.8651           .7696          1.0000       2749.2070
    1906.00          1.6919        250.3702           .4981           .8000       2776.1880
    1907.00          2.6665        222.1872           .3190          2.2000       2786.7760
    1908.00          3.0127        235.4829           .5192           .4000       2787.3550
    1909.00          3.2586        246.2189           .5962          2.8000       2787.3250
    1910.00          1.4847        214.6369           .5132           .3000       2796.0250
    1911.00          5.3969        218.6548           .4392           .7000       2765.3040
    1912.00          3.6450        258.7914           .6186          1.4000       2772.6820
    1913.00          4.3102        245.8856           .2528          1.2000       2766.2150
    1914.00          2.4388        243.1267           .4555          1.9000       2782.1360
    1915.00          5.2050        235.0121           .2960           .5000       2762.3390
    1916.00          2.0096        249.0859           .6337           .7000       2786.0930
    1917.00          3.1171        235.3411           .5554          3.1000       2784.5710
    1918.00          1.0282        227.7596           .5682          2.5000       2814.2020
    1919.00          1.8876        198.7159           .4121           .4000       2821.1540
    1920.00          1.2854        206.6837           .6037          1.3000       2840.9740
    1920.08          1.0009         19.2863           .4246           .9000       2850.6620
    1920.17           .8004         36.7719          1.1355          2.2000       2859.6190
    1920.25           .6527         52.4353          3.1706          1.0000       2867.0250
    1920.33           .0000        983.0571          6.9686          7.7000       3972.9240
    1920.42           .0000        983.0571         10.6632          9.6000       3914.3280
    1920.50           .0000        983.0571         12.5704          9.9000       3783.9340
    1920.58           .0000        983.0571         12.4190          7.5000       3662.7760
    1920.67           .0000        983.0571         11.8057          4.0000       3616.4570
    1920.75           .0000        983.0571          6.4405          8.2000       3557.4730
    1920.83           .2246        983.0651          3.0875          2.0000       3535.7740
    1920.92           .2291        983.0898           .7726          1.2000       3529.9630
    1921.00           .2291        983.1119           .5728           .9000       3525.2170
    1921.00           .2291        983.1119           .5728           .9000       3525.2170
