       time          pet             cinput          rain       

    1840.00           .6186        232.0692          1.4000
    1841.00           .2528        240.9403          1.2000
    1842.00           .4555        303.9516          1.9000
    1843.00           .2960        236.6272           .5000
    1844.00           .6337        225.2103           .7000
    1845.00           .5554        218.5723          3.1000
    1846.00           .5682        213.0401          2.5000
    1847.00           .4121        204.9234           .4000
    1848.00           .6037        214.2044          1.3000
    1849.00           .5728        193.7971           .9000
    1850.00           .4152        176.0841          1.4000
    1851.00           .5003        178.8554          1.2000
    1852.00           .6413        256.3127           .2000
    1853.00           .4034        229.4761          1.8000
    1854.00           .3528        206.0917          3.4000
    1855.00           .6988        207.0417           .6000
    1856.00           .5949        254.6075          1.7000
    1857.00           .8178        305.0789           .7000
    1858.00           .2899        246.5876          1.9000
    1859.00           .6201        225.5615           .9000
    1860.00           .6302        231.2460          1.1000
    1861.00           .6231        255.7080          1.7000
    1862.00           .5718        298.2896          1.2000
    1863.00           .4739        251.5587          2.0000
    1864.00           .7384        225.2940          3.4000
    1865.00           .3439        223.0172          2.8000
    1866.00           .3246        213.1188          3.6000
    1867.00           .3607        268.7093          3.5000
    1868.00           .3355        255.7900          1.5000
    1869.00           .7696        247.7952          1.0000
    1870.00           .4981        227.7049           .8000
    1871.00           .3190        212.1742          2.2000
    1872.00           .5192        284.0481           .4000
    1873.00           .5962        244.2901          2.8000
    1874.00           .5132        205.0728           .3000
    1875.00           .4392        204.6683           .7000
    1876.00           .6186        246.2698          1.4000
    1877.00           .2528        299.4507          1.2000
    1878.00           .4555        243.4318          1.9000
    1879.00           .2960        219.2854           .5000
    1880.00           .6337        219.5967           .7000
    1881.00           .5554        226.0139          3.1000
