       time          aglivc          cgrain          cinput          hi              pet             rain            somtc      

    1901.00          3.2449           .0000        279.9617           .0000          1.3955         20.3000       2259.5590
    1902.00          4.2778           .0000        268.4984           .0000          1.7021          8.8000       2265.1020
    1903.00          5.7041           .0000        285.6532           .0000          1.2862          3.9000       2249.8020
    1904.00          5.3225           .0000        297.3804           .0000          1.4550         21.1000       2251.0250
    1905.00          3.5790           .0000        279.4303           .0000          1.4978          7.1000       2258.3750
    1906.00          4.4709           .0000        268.7401           .0000          1.4559          2.8000       2264.7330
    1907.00          5.5375           .0000        285.5806           .0000           .9034          3.0000       2255.9840
    1908.00          5.1585           .0000        286.4392           .0000          1.8271         10.0000       2249.9740
    1909.00          4.6112           .0000        284.2646           .0000          1.5797          7.9000       2249.7180
    1910.00          5.5856           .0000        281.3042           .0000          1.3739         20.2000       2249.0970
    1911.00          2.5891           .0000        279.0522           .0000          1.3947         13.5000       2267.0780
    1912.00          3.8314           .0000        253.0154           .0000          1.6928         14.7000       2267.6960
    1913.00          3.1911           .0000        262.7713           .0000          1.2484          8.1000       2278.0780
    1914.00          5.4095           .0000        267.5348           .0000          1.5726         16.6000       2269.6080
    1915.00          2.5208           .0000        267.6631           .0000          1.5217          8.4000       2285.7020
    1916.00          5.2246           .0000        257.7430           .0000          1.8202          4.5000       2263.5420
    1917.00          2.9585           .0000        273.5801           .0000          1.6383          5.8000       2268.8470
    1918.00          5.5266           .0000        259.1687           .0000          1.3098         11.0000       2254.3540
    1919.00          4.3724           .0000        294.7339           .0000          1.7757          8.5000       2254.3630
    1920.00          4.6398           .0000        284.4254           .0000          1.4011         20.2000       2252.3140
    1920.08          4.1945           .0000         29.6013           .0000          1.0905          7.2000       2262.5150
    1920.17          3.7918           .0000         55.9169           .0000          1.6278         12.9000       2272.4400
    1920.25          3.4279           .0000         78.1604           .0000          4.5146         12.5000       2278.8770
    1920.33           .0000           .0000       1307.6100           .0000          6.2986         12.7000       3567.5740
    1920.42           .0000           .0000       1307.6100           .0000          9.1041         13.9000       3475.4860
    1920.50           .0000           .0000       1307.6100           .0000         10.6988         14.2000       3286.1170
    1920.58           .0000           .0000       1307.6100           .0000         12.4018          8.4000       3155.4620
    1920.67           .0000           .0000       1307.6100           .0000         10.2477         12.9000       3037.8500
    1920.75           .0000           .0000       1307.6100           .0000          6.9433          8.0000       2954.3620
    1920.83          3.9304           .0000       1307.6780           .0000          4.2664         14.4000       2906.4580
    1920.92          6.6869           .0000       1307.9610           .0000          2.3895          6.4000       2886.3050
    1921.00          6.9027           .0000       1308.3700           .0000          1.6063         15.5000       2878.6980
    1921.00          6.9027           .0000       1308.3700           .0000          1.6063         15.5000       2878.6980
