       time          aglivc          cinput          pet             rain            somtc      

    1901.00          3.1454        276.1167          1.0274         20.3000       2296.9320
    1902.00          4.3454        265.0242          1.2519          8.8000       2303.4140
    1903.00          5.6617        281.7508           .9461          3.9000       2286.9330
    1904.00          5.3920        292.8272          1.0701         21.1000       2286.1050
    1905.00          3.3684        275.1386          1.1011          7.1000       2297.1570
    1906.00          4.4937        263.2001          1.0710          2.8000       2303.8190
    1907.00          5.4978        280.7103           .6646          3.0000       2294.0660
    1908.00          5.0191        281.7031          1.3436         10.0000       2288.5350
    1909.00          4.4532        278.8153          1.1618          7.9000       2288.5490
    1910.00          5.5651        275.2589          1.0103         20.2000       2287.3110
    1911.00          2.4533        274.3909          1.0253         13.5000       2309.5050
    1912.00          3.7524        247.1686          1.2455         14.7000       2311.0840
    1913.00          3.0780        256.9086           .9186          8.1000       2323.3410
    1914.00          5.3475        261.1697          1.1567         16.6000       2315.0390
    1915.00          2.5355        263.3907          1.1187          8.4000       2332.1000
    1916.00          5.3288        252.9624          1.3387          4.5000       2307.7710
    1917.00          2.8693        269.4212          1.2046          5.8000       2314.8550
    1918.00          5.4996        253.4098           .9626         11.0000       2297.5540
    1919.00          4.7982        289.1729          1.3064          8.5000       2293.3130
    1920.00          4.6258        281.2476          1.0298         20.2000       2291.4570
    1920.08          4.1818         28.8296           .8394          7.2000       2301.1280
    1920.17          3.7804         54.4234          1.3714         12.9000       2310.5900
    1920.25          3.4175         76.2028          4.1086         12.5000       2317.2170
    1920.33           .0000       1251.6490          6.0308         12.7000       3542.6760
    1920.42           .0000       1251.6490          8.9639         13.9000       3489.2890
    1920.50           .0000       1251.6490         10.6587         14.2000       3348.2420
    1920.58           .0000       1251.6490         12.2450          8.4000       3240.7780
    1920.67           .0000       1251.6490          9.8118         12.9000       3137.1000
    1920.75           .0000       1251.6490          6.3292          8.0000       3060.9000
    1920.83          2.8993       1251.7010          3.6187         14.4000       3017.0690
    1920.92          4.7398       1251.9210          1.8509          6.4000       2999.2370
    1921.00          4.8328       1252.2280          1.1812         15.5000       2991.9420
    1921.00          4.8328       1252.2280          1.1812         15.5000       2991.9420
