       time          aglivc          pet             rain       

    1901.00          3.1454          1.0274         20.3000
    1902.00          4.3454          1.2519          8.8000
    1903.00          5.6617           .9461          3.9000
    1904.00          5.3920          1.0701         21.1000
    1905.00          3.3684          1.1011          7.1000
    1906.00          4.4937          1.0710          2.8000
    1907.00          5.4978           .6646          3.0000
    1908.00          5.0191          1.3436         10.0000
    1909.00          4.4532          1.1618          7.9000
    1910.00          5.5651          1.0103         20.2000
    1911.00          2.4533          1.0253         13.5000
    1912.00          3.7524          1.2455         14.7000
    1913.00          3.0780           .9186          8.1000
    1914.00          5.3475          1.1567         16.6000
    1915.00          2.5355          1.1187          8.4000
    1916.00          5.3288          1.3387          4.5000
    1917.00          2.8693          1.2046          5.8000
    1918.00          5.4996           .9626         11.0000
    1919.00          4.7982          1.3064          8.5000
    1920.00          4.6258          1.0298         20.2000
    1920.08          4.1818           .8394          7.2000
    1920.17          3.7804          1.3714         12.9000
    1920.25          3.4175          4.1086         12.5000
    1920.33           .0000          6.0308         12.7000
    1920.42           .0000          8.9639         13.9000
    1920.50           .0000         10.6587         14.2000
    1920.58           .0000         12.2450          8.4000
    1920.67           .0000          9.8118         12.9000
    1920.75           .0000          6.3292          8.0000
    1920.83          2.8993          3.6187         14.4000
    1920.92          4.7398          1.8509          6.4000
    1921.00          4.8328          1.1812         15.5000
    1921.00          4.8328          1.1812         15.5000
