       time          somtc           cgrain          rain       

    1880.00       2305.6550           .0000           .7000
    1881.00       2306.9560           .0000          3.1000
    1881.08       2317.3220           .0000          2.6000
    1881.17       2327.3320           .0000           .4000
    1881.25       2334.7110           .0000          4.6000
    1881.33       3356.2910           .0000           .0000
    1881.42       3386.6210           .0000          3.5000
    1881.50       3348.8940           .0000          4.2000
    1881.58       3307.7230           .0000          4.2000
    1881.67       3216.4240           .0000          5.2000
    1881.75       3131.6540           .0000          7.5000
    1881.83       3087.3300           .0000          1.2000
    1881.92       3075.2410           .0000          2.3000
    1882.00       3068.4420           .0000          2.5000
    1882.00       3068.4420           .0000          2.5000
    1882.00       3068.4420           .0000          2.5000
    1882.08       3059.8040           .0000          2.4000
    1882.17       3052.7160           .0000          1.4000
    1882.25       3045.3980           .0000          1.5000
    1882.33       3055.4590           .0000           .0000
    1882.42       3043.6900           .0000           .7000
    1882.50       3019.9220           .0000          4.5000
    1882.58       3000.8190           .0000          4.0000
    1882.67       2926.7230          5.6199         14.9000
    1882.75       2874.1660          5.6199          4.7000
    1882.83       2853.2190          5.6199          3.6000
    1882.92       2844.8670          5.6199          1.8000
    1883.00       2842.4110          5.6199           .3000
    1883.08       2840.1580          5.6199           .5000
    1883.17       2836.6260          5.6199          1.4000
    1883.25       2831.9040          5.6199          1.4000
    1883.33       2862.1660          5.6199          3.5000
    1883.42       2833.1850          5.6199          6.5000
    1883.50       2782.0090          5.6199         16.2000
    1883.58       2744.0880          5.6199         10.5000
    1883.67       2732.9620         38.3498          9.0000
    1883.75       2694.4570         38.3498          9.4000
    1883.83       2678.6350         38.3498          7.7000
    1883.92       2671.7140         38.3498          1.5000
    1884.00       2669.1950         38.3498           .7000
    1884.08       2667.2280         38.3498          2.8000
    1884.17       2665.4900         38.3498           .4000
    1884.25       2662.7730         38.3498          2.6000
    1884.33       2690.4460         38.3498          2.2000
    1884.42       2663.6700         38.3498          8.0000
    1884.50       2649.8320         38.3498          6.7000
    1884.58       2629.3710         38.3498         10.9000
    1884.67       2663.6470         26.2033          2.2000
    1884.75       2645.4210         26.2033          4.5000
    1884.83       2627.9930         26.2033         13.7000
    1884.92       2623.2050         26.2033          2.0000
    1885.00       2621.0890         26.2033          1.4000
    1885.08       2619.4210         26.2033           .7000
    1885.17       2617.8140         26.2033          1.2000
    1885.25       2614.2840         26.2033          4.7000
    1885.33       2629.7660         26.2033           .7000
    1885.42       2613.7230         26.2033          5.8000
    1885.50       2590.4890         26.2033         13.6000
    1885.58       2575.8460         26.2033          6.1000
    1885.67       2579.5390         23.0272         12.6000
    1885.75       2549.4150         23.0272          6.0000
    1885.83       2537.1650         23.0272          4.8000
    1885.92       2532.5730         23.0272          2.9000
    1886.00       2530.6830         23.0272          1.2000
    1886.08       2529.1340         23.0272          1.0000
    1886.17       2527.5640         23.0272          2.1000
    1886.25       2525.4060         23.0272           .8000
    1886.33       2539.0910         23.0272          3.7000
    1886.42       2529.0730         23.0272          2.8000
    1886.50       2508.8630         23.0272         14.7000
    1886.58       2506.1140         23.0272          1.4000
    1886.67       2515.5300         22.6710          7.1000
    1886.75       2510.5100         22.6710          1.1000
    1886.83       2500.7840         22.6710         10.9000
    1886.92       2496.9530         22.6710           .4000
    1887.00       2495.3360         22.6710          1.9000
    1887.08       2493.6750         22.6710           .8000
    1887.17       2492.1390         22.6710          1.0000
    1887.25       2488.4820         22.6710          2.6000
    1887.33       2499.8010         22.6710          1.8000
    1887.42       2481.6050         22.6710         13.1000
    1887.50       2463.4670         22.6710          6.8000
    1887.58       2449.6760         22.6710          6.4000
    1887.67       2446.9900         27.3364         16.2000
    1887.75       2421.6270         27.3364          3.5000
    1887.83       2413.7340         27.3364          4.8000
    1887.92       2411.2130         27.3364          3.8000
    1888.00       2409.9130         27.3364           .5000
    1888.08       2408.7860         27.3364           .9000
    1888.17       2407.7400         27.3364          1.3000
    1888.25       2405.5750         27.3364           .0000
    1888.33       2428.3830         27.3364         11.4000
    1888.42       2413.9030         27.3364          3.5000
    1888.50       2405.4680         27.3364          4.9000
    1888.58       2396.4270         27.3364          8.3000
    1888.67       2429.7070         19.5742          2.6000
    1888.75       2407.6360         19.5742          6.7000
    1888.83       2400.5830         19.5742           .6000
    1888.92       2398.6530         19.5742          7.0000
    1889.00       2397.6370         19.5742           .7000
    1889.08       2396.3910         19.5742           .8000
    1889.17       2394.9490         19.5742          3.2000
    1889.25       2391.9880         19.5742          1.5000
    1889.33       2407.8180         19.5742           .1000
    1889.42       2391.6000         19.5742         12.9000
    1889.50       2385.5380         19.5742          3.2000
    1889.58       2367.1980         19.5742         15.4000
    1889.67       2365.8960         20.6313          7.6000
    1889.75       2346.1880         20.6313          4.3000
    1889.83       2342.4670         20.6313           .5000
    1889.92       2341.1820         20.6313          1.2000
    1890.00       2340.3300         20.6313          3.1000
    1890.08       2339.6200         20.6313          2.6000
    1890.17       2338.8950         20.6313           .4000
    1890.25       2337.1130         20.6313          4.6000
    1890.33       2362.0520         20.6313           .0000
    1890.42       2356.7380         20.6313          3.5000
    1890.50       2349.5280         20.6313          4.2000
    1890.58       2343.8510         20.6313          4.2000
    1890.67       2353.5620          8.9384          5.2000
    1890.75       2338.8260          8.9384          7.5000
    1890.83       2331.9380          8.9384          1.2000
    1890.92       2330.0940          8.9384          2.3000
    1891.00       2328.9990          8.9384          2.5000
    1891.08       2328.0370          8.9384          3.6000
    1891.17       2327.1670          8.9384           .3000
    1891.25       2326.0930          8.9384          3.5000
    1891.33       2337.0120          8.9384           .5000
    1891.42       2320.7660          8.9384          9.2000
    1891.50       2310.2120          8.9384          5.1000
    1891.58       2309.4240          8.9384           .2000
    1891.67       2321.4170         16.7622         11.5000
    1891.75       2300.0100         16.7622          2.8000
    1891.83       2297.1530         16.7622           .5000
    1891.92       2296.1040         16.7622          1.9000
    1892.00       2296.0550         16.7622           .4000
    1892.08       2295.8330         16.7622           .4000
    1892.17       2295.6390         16.7622           .7000
    1892.25       2294.2970         16.7622          4.0000
    1892.33       2317.3270         16.7622          4.5000
    1892.42       2312.2290         16.7622          1.5000
    1892.50       2285.6200         16.7622         14.8000
    1892.58       2282.1470         16.7622          2.3000
    1892.67       2295.8690         15.8323          7.2000
    1892.75       2285.1810         15.8323          2.8000
    1892.83       2283.3030         15.8323           .8000
    1892.92       2282.8810         15.8323           .0000
    1893.00       2282.7220         15.8323          1.3000
    1893.08       2282.4590         15.8323           .9000
    1893.17       2281.8970         15.8323          2.2000
    1893.25       2280.8720         15.8323          1.0000
    1893.33       2287.7550         15.8323          7.7000
    1893.42       2271.7170         15.8323          9.6000
    1893.50       2257.7770         15.8323          9.9000
    1893.58       2242.3680         15.8323          7.5000
    1893.67       2267.3100         23.7954          4.0000
    1893.75       2246.2920         23.7954          8.2000
    1893.83       2241.3950         23.7954          2.0000
    1893.92       2240.0350         23.7954          1.2000
    1894.00       2238.7790         23.7954           .9000
    1894.08       2237.7680         23.7954          1.9000
    1894.17       2236.8150         23.7954          1.2000
    1894.25       2234.9400         23.7954          2.0000
    1894.33       2249.3010         23.7954          2.7000
    1894.42       2239.2270         23.7954          6.0000
    1894.50       2227.3040         23.7954         10.4000
    1894.58       2215.3220         23.7954          5.8000
    1894.67       2223.1300         17.5490         10.4000
    1894.75       2201.3620         17.5490          7.3000
    1894.83       2197.9230         17.5490           .0000
    1894.92       2196.8510         17.5490          2.6000
    1895.00       2196.0700         17.5490          1.4000
    1895.08       2195.3940         17.5490          1.5000
    1895.17       2194.6860         17.5490           .2000
    1895.25       2193.5090         17.5490           .8000
    1895.33       2214.7860         17.5490           .9000
    1895.42       2208.6390         17.5490          3.7000
    1895.50       2193.0400         17.5490         10.2000
    1895.58       2176.9370         17.5490         13.7000
    1895.67       2178.6390         21.0645         10.5000
    1895.75       2162.6440         21.0645          2.0000
    1895.83       2159.9050         21.0645          1.3000
    1895.92       2159.0380         21.0645          1.7000
    1896.00       2158.5320         21.0645          1.2000
    1896.08       2158.0550         21.0645          1.3000
    1896.17       2157.5360         21.0645          1.4000
    1896.25       2155.9780         21.0645          1.0000
    1896.33       2181.1840         21.0645          4.2000
    1896.42       2168.7250         21.0645          4.8000
    1896.50       2150.5790         21.0645         18.2000
    1896.58       2133.5830         21.0645         13.5000
    1896.67       2152.0260         24.9876          6.3000
    1896.75       2133.8980         24.9876          7.1000
    1896.83       2123.9130         24.9876          6.4000
    1896.92       2120.7680         24.9876          4.1000
    1897.00       2119.9320         24.9876           .2000
    1897.08       2119.0380         24.9876          1.4000
    1897.17       2118.2330         24.9876          1.5000
    1897.25       2116.1140         24.9876          4.2000
    1897.33       2144.7170         24.9876          1.1000
    1897.42       2134.7180         24.9876          5.2000
    1897.50       2126.7260         24.9876          5.1000
    1897.58       2109.4100         24.9876         16.0000
    1897.67       2124.3080         22.5787          8.9000
    1897.75       2104.6250         22.5787          8.4000
    1897.83       2096.0610         22.5787          4.1000
    1897.92       2094.2480         22.5787          3.9000
    1898.00       2093.1870         22.5787          1.8000
    1898.08       2092.2830         22.5787          2.8000
    1898.17       2091.4530         22.5787          2.4000
    1898.25       2090.5510         22.5787          1.4000
    1898.33       2112.9550         22.5787          1.4000
    1898.42       2103.1770         22.5787          8.2000
    1898.50       2096.0230         22.5787          4.9000
    1898.58       2085.8950         22.5787         11.3000
    1898.67       2111.0830         20.0259           .9000
    1898.75       2103.2740         20.0259          5.8000
    1898.83       2095.5190         20.0259          3.9000
    1898.92       2093.0260         20.0259          4.2000
    1899.00       2091.6120         20.0259          3.4000
    1899.08       2090.4440         20.0259          2.3000
    1899.17       2089.4030         20.0259           .4000
    1899.25       2088.4160         20.0259          3.6000
    1899.33       2103.0190         20.0259          6.1000
    1899.42       2092.4140         20.0259          3.3000
    1899.50       2080.0680         20.0259         12.3000
    1899.58       2065.7430         20.0259         10.3000
    1899.67       2082.0310         23.7909          5.8000
    1899.75       2070.2640         23.7909          5.5000
    1899.83       2061.7040         23.7909          8.8000
    1899.92       2059.6920         23.7909          3.9000
    1900.00       2058.5190         23.7909           .6000
    1900.08       2057.5600         23.7909          1.8000
    1900.17       2056.3260         23.7909          3.5000
    1900.25       2054.3860         23.7909           .5000
    1900.33       2071.1380         23.7909          2.3000
    1900.42       2058.9130         23.7909         10.5000
    1900.50       2047.2980         23.7909         17.3000
    1900.58       2034.1720         23.7909          7.2000
    1900.67       2065.4590         25.0880          4.1000
    1900.75       2059.8860         25.0880          1.7000
    1900.83       2047.9800         25.0880         14.5000
    1900.92       2044.8320         25.0880          5.5000
    1901.00       2043.3280         25.0880          1.7000
    1901.08       2042.0840         25.0880          2.9000
    1901.17       2040.9700         25.0880           .9000
    1901.25       2039.1670         25.0880          3.3000
    1901.33       2051.0010         25.0880          4.4000
    1901.42       2037.2260         25.0880         10.2000
    1901.50       2027.0170         25.0880          7.2000
    1901.58       2013.0590         25.0880         10.1000
    1901.67       2024.7730         25.7146         10.0000
    1901.75       2004.4970         25.7146         12.3000
    1901.83       2000.0810         25.7146           .5000
    1901.92       1998.8980         25.7146           .0000
    1902.00       1998.3280         25.7146           .7000
    1902.08       1998.2430         25.7146           .2000
    1902.17       1997.7850         25.7146          2.9000
    1902.25       1995.7770         25.7146          1.7000
    1902.33       2022.0270         25.7146          2.9000
    1902.42       2018.0650         25.7146          3.0000
    1902.50       2004.1080         25.7146         13.5000
    1902.58       1990.5190         25.7146          8.0000
    1902.67       2000.6210         16.7347          7.1000
    1902.75       1985.2770         16.7347          5.9000
    1902.83       1977.9900         16.7347          7.2000
    1902.92       1974.9870         16.7347          9.8000
    1903.00       1973.9910         16.7347          1.9000
    1903.08       1973.1880         16.7347           .2000
    1903.17       1972.4640         16.7347          1.1000
    1903.25       1971.4850         16.7347           .2000
    1903.33       1993.6870         16.7347          4.6000
    1903.42       1980.7730         16.7347          7.3000
    1903.50       1972.8290         16.7347          4.1000
    1903.58       1962.9350         16.7347         15.0000
    1903.67       1973.6350         22.4370         11.7000
    1903.75       1956.8540         22.4370          6.0000
    1903.83       1951.0070         22.4370          4.5000
    1903.92       1948.0610         22.4370           .9000
    1904.00       1947.0620         22.4370           .9000
    1904.08       1946.4460         22.4370           .1000
    1904.17       1945.9820         22.4370           .1000
    1904.25       1945.3920         22.4370          1.4000
    1904.33       1972.6860         22.4370          2.5000
    1904.42       1966.9260         22.4370          5.1000
    1904.50       1950.8030         22.4370         18.4000
    1904.58       1937.5650         22.4370         11.6000
    1904.67       1946.0570         23.2546         19.8000
    1904.75       1927.2620         23.2546          4.1000
    1904.83       1922.4150         23.2546          3.1000
    1904.92       1920.8940         23.2546           .2000
    1905.00       1920.3410         23.2546          1.1000
    1905.08       1919.6430         23.2546           .6000
    1905.17       1919.0110         23.2546          1.3000
    1905.25       1917.5200         23.2546          1.3000
    1905.33       1942.6570         23.2546          2.4000
    1905.42       1928.4290         23.2546          9.0000
    1905.50       1915.5970         23.2546         12.8000
    1905.58       1904.0400         23.2546          6.1000
    1905.67       1945.3990         30.6539          2.2000
    1905.75       1927.4540         30.6539          7.3000
    1905.83       1918.0900         30.6539          3.4000
    1905.92       1916.1680         30.6539          1.2000
    1906.00       1914.9950         30.6539          1.7000
    1906.08       1914.0250         30.6539          1.7000
    1906.17       1913.1690         30.6539           .5000
    1906.25       1911.7460         30.6539          3.0000
    1906.33       1929.4450         30.6539           .9000
    1906.42       1919.6320         30.6539         15.1000
    1906.50       1910.6530         30.6539          3.8000
    1906.58       1898.3780         30.6539          9.4000
    1906.67       1910.9970         20.4366          9.0000
    1906.75       1890.6320         20.4366          9.7000
    1906.83       1884.2380         20.4366          8.0000
    1906.92       1881.6280         20.4366           .3000
    1907.00       1880.7850         20.4366          1.2000
    1907.08       1880.1220         20.4366          3.1000
    1907.17       1879.5220         20.4366           .5000
    1907.25       1878.4720         20.4366           .5000
    1907.33       1901.4340         20.4366          1.4000
    1907.42       1888.8300         20.4366          7.9000
    1907.50       1875.2630         20.4366         12.7000
    1907.58       1869.8190         20.4366          2.5000
    1907.67       1888.1470         21.9767         14.7000
    1907.75       1867.8280         21.9767          6.6000
    1907.83       1860.0340         21.9767          5.5000
    1907.92       1857.5330         21.9767          4.4000
    1908.00       1856.6470         21.9767          2.0000
    1908.08       1855.9420         21.9767          1.0000
    1908.17       1855.3090         21.9767          1.4000
    1908.25       1854.4380         21.9767          4.8000
    1908.33       1871.2480         21.9767          2.5000
    1908.42       1861.1760         21.9767          5.7000
    1908.50       1859.3020         21.9767          2.5000
    1908.58       1857.8940         21.9767          2.0000
    1908.67       1865.7090         12.6391          8.4000
    1908.75       1851.5050         12.6391          5.9000
    1908.83       1845.6710         12.6391          4.2000
    1908.92       1843.7860         12.6391          1.0000
    1909.00       1842.9610         12.6391          3.4000
    1909.08       1842.2480         12.6391           .5000
    1909.17       1841.6350         12.6391          1.5000
    1909.25       1840.2320         12.6391          3.8000
    1909.33       1858.7600         12.6391          3.8000
    1909.42       1847.4840         12.6391          9.6000
    1909.50       1832.8590         12.6391         13.7000
    1909.58       1827.8070         12.6391          4.4000
    1909.67       1858.0070         22.2946          4.3000
    1909.75       1841.5990         22.2946          5.6000
    1909.83       1833.5390         22.2946          8.4000
    1909.92       1830.9300         22.2946           .7000
    1910.00       1829.9170         22.2946          2.8000
    1910.08       1829.1020         22.2946           .2000
    1910.17       1828.3730         22.2946          1.2000
    1910.25       1827.3520         22.2946           .6000
    1910.33       1843.0680         22.2946          2.3000
    1910.42       1840.8870         22.2946          1.9000
    1910.50       1829.3070         22.2946         10.2000
    1910.58       1823.7350         22.2946          6.4000
    1910.67       1830.2230         15.1566          8.5000
    1910.75       1811.2050         15.1566         16.3000
    1910.83       1804.3400         15.1566         10.1000
    1910.92       1802.1330         15.1566          5.7000
    1911.00       1801.3640         15.1566          3.6000
    1911.08       1800.7400         15.1566           .7000
    1911.17       1800.1810         15.1566          2.7000
    1911.25       1799.4780         15.1566          6.7000
    1911.33       1818.6470         15.1566          3.0000
    1911.42       1809.3890         15.1566          6.3000
    1911.50       1801.9110         15.1566          7.9000
    1911.58       1795.7010         15.1566          4.6000
    1911.67       1809.8090         19.2792          8.4000
    1911.75       1795.2790         19.2792          6.2000
    1911.83       1788.5640         19.2792          8.2000
    1911.92       1785.9620         19.2792           .6000
    1912.00       1785.1510         19.2792          3.5000
    1912.08       1784.4970         19.2792          3.7000
    1912.17       1783.9030         19.2792          1.6000
    1912.25       1782.7550         19.2792          3.3000
    1912.33       1803.6280         19.2792          2.1000
    1912.42       1789.3170         19.2792         12.9000
    1912.50       1775.1930         19.2792          9.3000
    1912.58       1768.6340         19.2792          6.3000
    1912.67       1785.8890         24.2862          8.7000
    1912.75       1767.9000         24.2862         15.0000
    1912.83       1761.5690         24.2862          6.6000
    1912.92       1759.1830         24.2862          2.5000
    1913.00       1758.4080         24.2862          1.5000
    1913.08       1757.7930         24.2862          2.5000
    1913.17       1757.2400         24.2862           .3000
    1913.25       1756.4510         24.2862          1.8000
    1913.33       1776.3730         24.2862          6.1000
    1913.42       1766.5240         24.2862          7.5000
    1913.50       1755.8790         24.2862          8.7000
    1913.58       1745.0350         24.2862          8.1000
    1913.67       1761.7460         23.5517          7.1000
    1913.75       1747.8910         23.5517          4.7000
    1913.83       1743.6600         23.5517          2.0000
    1913.92       1743.0010         23.5517           .1000
    1914.00       1742.9070         23.5517          1.0000
    1914.08       1742.7260         23.5517           .7000
    1914.17       1742.5990         23.5517          1.0000
    1914.25       1740.8460         23.5517          5.6000
    1914.33       1763.2510         23.5517          3.0000
    1914.42       1757.9780         23.5517          3.5000
    1914.50       1749.6660         23.5517          6.2000
    1914.58       1743.7440         23.5517          5.8000
    1914.67       1758.6480         11.0707          4.9000
    1914.75       1756.1960         11.0707           .4000
    1914.83       1750.4050         11.0707          7.7000
    1914.92       1747.7660         11.0707          1.8000
    1915.00       1746.5630         11.0707           .8000
    1915.08       1745.6270         11.0707          1.4000
    1915.17       1744.8120         11.0707          2.3000
    1915.25       1744.0630         11.0707          2.5000
    1915.33       1753.7360         11.0707          2.0000
    1915.42       1744.2280         11.0707         11.8000
    1915.50       1733.3670         11.0707          8.1000
    1915.58       1732.0450         11.0707          2.6000
    1915.67       1754.8950         14.1710          2.7000
    1915.75       1744.9640         14.1710          6.9000
    1915.83       1735.5070         14.1710          5.9000
    1915.92       1733.4370         14.1710           .9000
    1916.00       1732.4610         14.1710          2.2000
    1916.08       1731.6220         14.1710          2.3000
    1916.17       1730.8700         14.1710           .8000
    1916.25       1730.0000         14.1710           .4000
    1916.33       1736.9690         14.1710          7.6000
    1916.42       1728.8430         14.1710          6.0000
    1916.50       1714.6690         14.1710         18.3000
    1916.58       1707.0670         14.1710          6.3000
    1916.67       1725.2790         18.6246          4.9000
    1916.75       1709.6510         18.6246          4.9000
    1916.83       1704.8680         18.6246          2.0000
    1916.92       1704.1000         18.6246           .6000
    1917.00       1703.7050         18.6246           .4000
    1917.08       1703.3300         18.6246          1.2000
    1917.17       1703.0990         18.6246           .6000
    1917.25       1702.5000         18.6246           .5000
    1917.33       1722.8800         18.6246          1.1000
    1917.42       1713.6540         18.6246          8.3000
    1917.50       1700.2310         18.6246         10.1000
    1917.58       1687.9080         18.6246         12.8000
    1917.67       1705.7970         20.5648          3.5000
    1917.75       1700.7780         20.5648          1.2000
    1917.83       1697.3810         20.5648          4.6000
    1917.92       1693.8680         20.5648          4.2000
    1918.00       1692.7170         20.5648          2.8000
    1918.08       1691.8800         20.5648          2.4000
    1918.17       1691.1550         20.5648          1.4000
    1918.25       1690.3540         20.5648          1.5000
    1918.33       1704.0630         20.5648           .0000
    1918.42       1701.8720         20.5648           .7000
    1918.50       1697.6330         20.5648          4.5000
    1918.58       1694.4820         20.5648          4.0000
    1918.67       1689.2150          5.5320         14.9000
    1918.75       1676.2010          5.5320          4.7000
    1918.83       1671.1840          5.5320          3.6000
    1918.92       1669.2800          5.5320          1.8000
    1919.00       1668.8770          5.5320           .3000
    1919.08       1668.5050          5.5320           .5000
    1919.17       1667.7710          5.5320          1.4000
    1919.25       1666.5580          5.5320          1.4000
    1919.33       1690.3640          5.5320          3.5000
    1919.42       1680.5220          5.5320          6.5000
    1919.50       1665.0780          5.5320         16.2000
    1919.58       1655.6290          5.5320         10.5000
    1919.67       1664.8290         19.0794          9.0000
    1919.75       1651.4190         19.0794          9.4000
    1919.83       1645.9220         19.0794          7.7000
    1919.92       1643.6970         19.0794          1.5000
    1920.00       1643.0540         19.0794           .7000
    1920.08       1642.5700         19.0794          2.8000
    1920.17       1642.1390         19.0794           .4000
    1920.25       1641.3500         19.0794          2.6000
    1920.33       1662.8410         19.0794          2.2000
    1920.42       1651.5280         19.0794          8.0000
    1920.50       1646.4260         19.0794          6.7000
    1920.58       1639.4170         19.0794         10.9000
    1920.67       1666.7640         17.6478          2.2000
    1920.75       1658.0950         17.6478          4.5000
    1920.83       1650.2700         17.6478         13.7000
    1920.92       1648.2730         17.6478          2.0000
    1921.00       1647.4530         17.6478          1.4000
    1921.08       1646.8240         17.6478           .7000
    1921.17       1646.2160         17.6478          1.2000
    1921.25       1644.7960         17.6478          4.7000
    1921.33       1670.3370         17.6478           .7000
    1921.42       1661.1880         17.6478          5.8000
    1921.50       1649.9650         17.6478         13.6000
    1921.58       1644.0240         17.6478          6.1000
    1921.67       1653.5270         17.0859         12.6000
    1921.75       1638.5450         17.0859          6.0000
    1921.83       1632.7160         17.0859          4.8000
    1921.92       1630.7160         17.0859          2.9000
    1922.00       1630.0120         17.0859          1.2000
    1922.08       1629.4500         17.0859          1.0000
    1922.17       1628.8670         17.0859          2.1000
    1922.25       1627.9890         17.0859           .8000
    1922.33       1643.1440         17.0859          3.7000
    1922.42       1637.3870         17.0859          2.8000
    1922.50       1626.6320         17.0859         14.7000
    1922.58       1624.8080         17.0859          1.4000
    1922.67       1635.1710         21.1196          7.1000
    1922.75       1632.5420         21.1196          1.1000
    1922.83       1627.2870         21.1196         10.9000
    1922.92       1625.2190         21.1196           .4000
    1923.00       1624.3120         21.1196          1.9000
    1923.08       1623.4210         21.1196           .8000
    1923.17       1622.6080         21.1196          1.0000
    1923.25       1620.7350         21.1196          2.6000
    1923.33       1618.1790         21.1196          1.8000
    1923.42       1612.5730         21.1196         13.1000
    1923.50       1607.1020         21.1196          6.8000
    1923.58       1604.4520         21.1196          6.4000
    1923.67       1598.5850         21.1196         16.2000
    1923.75       1594.5610         21.1196          3.5000
    1923.83       1594.9080         21.1196          4.8000
    1923.92       1598.8250         21.1196          3.8000
    1924.00       1603.7080         21.1196           .5000
    1924.08       1608.2350         21.1196           .9000
    1924.17       1612.3940         21.1196          1.3000
    1924.25       1615.3460         21.1196           .0000
    1924.33       1613.1720         21.1196         11.4000
    1924.42       1608.1260         21.1196          3.5000
    1924.50       1606.8710         21.1196          4.9000
    1924.58       1606.6960         21.1196          8.3000
    1924.67       1609.9880         21.1196          2.6000
    1924.75       1606.3800         21.1196          6.7000
    1924.83       1607.1820         21.1196           .6000
    1924.92       1611.9220         21.1196          7.0000
    1925.00       1617.3180         21.1196           .7000
    1925.08       1622.0500         21.1196           .8000
    1925.17       1626.1510         21.1196          3.2000
    1925.25       1628.5500         21.1196          1.5000
    1925.33       1878.0370         21.1196           .1000
    1925.42       1827.3080         21.1196         12.9000
    1925.50       1811.9270         21.1196          3.2000
    1925.58       1774.1280         21.1196         15.4000
    1925.67       1787.8420         50.6358          7.6000
    1925.75       1764.0430         50.6358          4.3000
    1925.83       1759.7780         50.6358           .5000
    1925.92       1758.5170         50.6358          1.2000
    1926.00       1757.8620         50.6358          3.1000
    1926.08       1757.3590         50.6358          2.6000
    1926.17       1756.8170         50.6358           .4000
    1926.25       1754.9870         50.6358          4.6000
    1926.33       1804.0650         50.6358           .0000
    1926.42       1797.4420         50.6358          3.5000
    1926.50       1788.2400         50.6358          4.2000
    1926.58       1780.5760         50.6358          4.2000
    1926.67       1786.0560         21.1944          5.2000
    1926.75       1770.7820         21.1944          7.5000
    1926.83       1763.6850         21.1944          1.2000
    1926.92       1761.7130         21.1944          2.3000
    1927.00       1760.5210         21.1944          2.5000
    1927.08       1759.4990         21.1944          3.6000
    1927.17       1758.5830         21.1944           .3000
    1927.25       1757.4760         21.1944          3.5000
    1927.33       1753.6860         21.1944           .5000
    1927.42       1743.4930         21.1944          9.2000
    1927.50       1737.1320         21.1944          5.1000
    1927.58       1738.4410         21.1944           .2000
    1927.67       1732.0420         21.1944         11.5000
    1927.75       1722.4980         21.1944          2.8000
    1927.83       1722.7550         21.1944           .5000
    1927.92       1724.8600         21.1944          1.9000
    1928.00       1727.9780         21.1944           .4000
    1928.08       1730.6820         21.1944           .4000
    1928.17       1733.2610         21.1944           .7000
    1928.25       1734.6380         21.1944          4.0000
    1928.33       1734.3140         21.1944          4.5000
    1928.42       1733.2370         21.1944          1.5000
    1928.50       1716.6480         21.1944         14.8000
    1928.58       1717.7670         21.1944          2.3000
    1928.67       1716.1490         21.1944          7.2000
    1928.75       1714.5570         21.1944          2.8000
    1928.83       1717.3050         21.1944           .8000
    1928.92       1723.0260         21.1944           .0000
    1929.00       1728.4050         21.1944          1.3000
    1929.08       1731.7130         21.1944           .9000
    1929.17       1734.4130         21.1944          2.2000
    1929.25       1736.4660         21.1944          1.0000
    1929.33       1926.2420         21.1944          7.7000
    1929.42       1881.5800         21.1944          9.6000
    1929.50       1851.1220         21.1944          9.9000
    1929.58       1825.5470         21.1944          7.5000
    1929.67       1887.4560         56.8958          4.0000
    1929.75       1854.6240         56.8958          8.2000
    1929.83       1848.2060         56.8958          2.0000
    1929.92       1846.4230         56.8958          1.2000
    1930.00       1844.8370         56.8958           .9000
    1930.08       1843.6330         56.8958          1.9000
    1930.17       1842.4320         56.8958          1.2000
    1930.25       1840.0210         56.8958          2.0000
    1930.33       1864.5180         56.8958          2.7000
    1930.42       1851.7880         56.8958          6.0000
    1930.50       1835.9090         56.8958         10.4000
    1930.58       1820.5160         56.8958          5.8000
    1930.67       1827.1300         25.7873         10.4000
    1930.75       1806.5970         25.7873          7.3000
    1930.83       1802.7720         25.7873           .0000
    1930.92       1801.4470         25.7873          2.6000
    1931.00       1800.4610         25.7873          1.4000
    1931.08       1799.6220         25.7873          1.5000
    1931.17       1798.7640         25.7873           .2000
    1931.25       1797.4500         25.7873           .8000
    1931.33       1796.6520         25.7873           .9000
    1931.42       1793.4080         25.7873          3.7000
    1931.50       1783.6080         25.7873         10.2000
    1931.58       1772.5970         25.7873         13.7000
    1931.67       1762.4140         25.7873         10.5000
    1931.75       1755.9160         25.7873          2.0000
    1931.83       1757.0170         25.7873          1.3000
    1931.92       1760.6130         25.7873          1.7000
    1932.00       1764.4540         25.7873          1.2000
    1932.08       1768.0300         25.7873          1.3000
    1932.17       1771.2340         25.7873          1.4000
    1932.25       1772.9800         25.7873          1.0000
    1932.33       1772.9470         25.7873          4.2000
    1932.42       1766.6810         25.7873          4.8000
    1932.50       1755.0020         25.7873         18.2000
    1932.58       1744.4610         25.7873         13.5000
    1932.67       1741.4590         25.7873          6.3000
    1932.75       1736.9730         25.7873          7.1000
    1932.83       1734.5920         25.7873          6.4000
    1932.92       1737.4710         25.7873          4.1000
    1933.00       1743.3930         25.7873           .2000
    1933.08       1748.9250         25.7873          1.4000
    1933.17       1754.0980         25.7873          1.5000
    1933.25       1756.9220         25.7873          4.2000
    1933.33       2021.0360         25.7873          1.1000
    1933.42       1981.9520         25.7873          5.2000
    1933.50       1953.7350         25.7873          5.1000
    1933.58       1905.1820         25.7873         16.0000
    1933.67       1942.5700         67.8323          8.9000
    1933.75       1907.3280         67.8323          8.4000
    1933.83       1894.3020         67.8323          4.1000
    1933.92       1891.8710         67.8323          3.9000
    1934.00       1890.6250         67.8323          1.8000
    1934.08       1889.6160         67.8323          2.8000
    1934.17       1888.6980         67.8323          2.4000
    1934.25       1887.6320         67.8323          1.4000
    1934.33       1945.9630         67.8323          1.4000
    1934.42       1929.4810         67.8323          8.2000
    1934.50       1916.1220         67.8323          4.9000
    1934.58       1898.6660         67.8323         11.3000
    1934.67       1918.4230         41.3307           .9000
    1934.75       1908.9200         41.3307          5.8000
    1934.83       1898.6770         41.3307          3.9000
    1934.92       1895.2810         41.3307          4.2000
    1935.00       1893.3060         41.3307          3.4000
    1935.08       1891.6690         41.3307          2.3000
    1935.17       1890.2080         41.3307           .4000
    1935.25       1888.8400         41.3307          3.6000
    1935.33       1884.9000         41.3307          6.1000
    1935.42       1876.0240         41.3307          3.3000
    1935.50       1864.2710         41.3307         12.3000
    1935.58       1851.3310         41.3307         10.3000
    1935.67       1845.1980         41.3307          5.8000
    1935.75       1842.2350         41.3307          5.5000
    1935.83       1839.3480         41.3307          8.8000
    1935.92       1843.0820         41.3307          3.9000
    1936.00       1847.1410         41.3307           .6000
    1936.08       1851.1070         41.3307          1.8000
    1936.17       1854.2320         41.3307          3.5000
    1936.25       1856.1150         41.3307           .5000
    1936.33       1851.1970         41.3307          2.3000
    1936.42       1842.2250         41.3307         10.5000
    1936.50       1834.3860         41.3307         17.3000
    1936.58       1825.8310         41.3307          7.2000
    1936.67       1829.4920         41.3307          4.1000
    1936.75       1833.1060         41.3307          1.7000
    1936.83       1829.5080         41.3307         14.5000
    1936.92       1833.7500         41.3307          5.5000
    1937.00       1839.8550         41.3307          1.7000
    1937.08       1845.5890         41.3307          2.9000
    1937.17       1850.8900         41.3307           .9000
    1937.25       1854.8280         41.3307          3.3000
    1937.33       2170.9660         41.3307          4.4000
    1937.42       2105.9810         41.3307         10.2000
    1937.50       2066.0690         41.3307          7.2000
    1937.58       2029.1830         41.3307         10.1000
    1937.67       2077.0950         82.2506         10.0000
    1937.75       2035.3540         82.2506         12.3000
    1937.83       2026.0890         82.2506           .5000
    1937.92       2023.7530         82.2506           .0000
    1938.00       2022.8800         82.2506           .7000
    1938.08       2022.9590         82.2506           .2000
    1938.17       2022.2920         82.2506          2.9000
    1938.25       2018.7840         82.2506          1.7000
    1938.33       2092.1920         82.2506          2.9000
    1938.42       2084.4680         82.2506          3.0000
    1938.50       2056.5410         82.2506         13.5000
    1938.58       2028.4360         82.2506          8.0000
    1938.67       2032.5000         37.8572          7.1000
    1938.75       2012.8290         37.8572          5.9000
    1938.83       2001.9380         37.8572          7.2000
    1938.92       1997.1860         37.8572          9.8000
    1939.00       1995.3980         37.8572          1.9000
    1939.08       1993.9260         37.8572           .2000
    1939.17       1992.6000         37.8572          1.1000
    1939.25       1990.9140         37.8572           .2000
    1939.33       1986.0330         37.8572          4.6000
    1939.42       1975.9370         37.8572          7.3000
    1939.50       1969.8070         37.8572          4.1000
    1939.58       1961.1210         37.8572         15.0000
    1939.67       1946.5320         37.8572         11.7000
    1939.75       1937.6280         37.8572          6.0000
    1939.83       1936.1600         37.8572          4.5000
    1939.92       1936.4380         37.8572           .9000
    1940.00       1940.5820         37.8572           .9000
    1940.08       1944.6660         37.8572           .1000
    1940.17       1948.6150         37.8572           .1000
    1940.25       1952.2640         37.8572          1.4000
    1940.33       1952.0720         37.8572          2.5000
    1940.42       1948.2820         37.8572          5.1000
    1940.50       1934.6350         37.8572         18.4000
    1940.58       1922.4870         37.8572         11.6000
    1940.67       1913.6540         37.8572         19.8000
    1940.75       1906.1950         37.8572          4.1000
    1940.83       1907.7220         37.8572          3.1000
    1940.92       1913.3510         37.8572           .2000
    1941.00       1920.0720         37.8572          1.1000
    1941.08       1926.2970         37.8572           .6000
    1941.17       1932.1300         37.8572          1.3000
    1941.25       1935.8570         37.8572          1.3000
    1941.33       2253.2500         37.8572          2.4000
    1941.42       2182.4390         37.8572          9.0000
    1941.50       2131.5720         37.8572         12.8000
    1941.58       2098.8670         37.8572          6.1000
    1941.67       2203.6850         99.0053          2.2000
    1941.75       2161.7250         99.0053          7.3000
    1941.83       2141.8740         99.0053          3.4000
    1941.92       2137.9020         99.0053          1.2000
    1942.00       2135.5530         99.0053          1.7000
    1942.08       2133.6310         99.0053          1.7000
    1942.17       2131.9030         99.0053           .5000
    1942.25       2128.9060         99.0053          3.0000
    1942.33       2176.3640         99.0053           .9000
    1942.42       2155.6810         99.0053         15.1000
    1942.50       2134.9160         99.0053          3.8000
    1942.58       2109.2080         99.0053          9.4000
    1942.67       2128.7280         57.1504          9.0000
    1942.75       2095.8620         57.1504          9.7000
    1942.83       2084.6220         57.1504          8.0000
    1942.92       2079.7680         57.1504           .3000
    1943.00       2077.8870         57.1504          1.2000
    1943.08       2076.3550         57.1504          3.1000
    1943.17       2074.9660         57.1504           .5000
    1943.25       2072.8940         57.1504           .5000
    1943.33       2067.6580         57.1504          1.4000
    1943.42       2057.9100         57.1504          7.9000
    1943.50       2042.6730         57.1504         12.7000
    1943.58       2037.2860         57.1504          2.5000
    1943.67       2030.5270         57.1504         14.7000
    1943.75       2018.3160         57.1504          6.6000
    1943.83       2013.4820         57.1504          5.5000
    1943.92       2014.8240         57.1504          4.4000
    1944.00       2019.1650         57.1504          2.0000
    1944.08       2023.3090         57.1504          1.0000
    1944.17       2027.1300         57.1504          1.4000
    1944.25       2030.1510         57.1504          4.8000
    1944.33       2024.5630         57.1504          2.5000
    1944.42       2016.4570         57.1504          5.7000
    1944.50       2017.0680         57.1504          2.5000
    1944.58       2020.0020         57.1504          2.0000
    1944.67       2009.5040         57.1504          8.4000
    1944.75       2002.2250         57.1504          5.9000
    1944.83       1999.4860         57.1504          4.2000
    1944.92       2001.5940         57.1504          1.0000
    1945.00       2005.9140         57.1504          3.4000
    1945.08       2010.0450         57.1504           .5000
    1945.17       2013.9660         57.1504          1.5000
    1945.25       2016.3610         57.1504          3.8000
    1945.33       2265.8720         57.1504          3.8000
    1945.42       2221.0960         57.1504          9.6000
    1945.50       2168.4930         57.1504         13.7000
    1945.58       2153.1790         57.1504          4.4000
    1945.67       2236.9880         75.7086          4.3000
    1945.75       2200.3210         75.7086          5.6000
    1945.83       2182.5740         75.7086          8.4000
    1945.92       2176.6250         75.7086           .7000
    1946.00       2174.4570         75.7086          2.8000
    1946.08       2172.7430         75.7086           .2000
    1946.17       2171.2220         75.7086          1.2000
    1946.25       2169.0640         75.7086           .6000
    1946.33       2210.9710         75.7086          2.3000
    1946.42       2206.0990         75.7086          1.9000
    1946.50       2180.1640         75.7086         10.2000
    1946.58       2167.1060         75.7086          6.4000
    1946.67       2169.2390         34.2868          8.5000
    1946.75       2139.0250         34.2868         16.3000
    1946.83       2126.8570         34.2868         10.1000
    1946.92       2122.6160         34.2868          5.7000
    1947.00       2120.8430         34.2868          3.6000
    1947.08       2119.3710         34.2868           .7000
    1947.17       2118.0420         34.2868          2.7000
    1947.25       2116.5070         34.2868          6.7000
    1947.33       2112.0820         34.2868          3.0000
    1947.42       2103.4660         34.2868          6.3000
    1947.50       2094.5920         34.2868          7.9000
    1947.58       2087.5380         34.2868          4.6000
    1947.67       2077.5960         34.2868          8.4000
    1947.75       2066.9810         34.2868          6.2000
    1947.83       2063.0110         34.2868          8.2000
    1947.92       2062.6440         34.2868           .6000
    1948.00       2066.2170         34.2868          3.5000
    1948.08       2069.8260         34.2868          3.7000
    1948.17       2073.1510         34.2868          1.6000
    1948.25       2075.3620         34.2868          3.3000
    1948.33       2071.2060         34.2868          2.1000
    1948.42       2059.5030         34.2868         12.9000
    1948.50       2045.2950         34.2868          9.3000
    1948.58       2038.3240         34.2868          6.3000
    1948.67       2033.6400         34.2868          8.7000
    1948.75       2026.4220         34.2868         15.0000
    1948.83       2024.1630         34.2868          6.6000
    1948.92       2027.3320         34.2868          2.5000
    1949.00       2034.2700         34.2868          1.5000
    1949.08       2040.8040         34.2868          2.5000
    1949.17       2046.8220         34.2868           .3000
    1949.25       2051.8870         34.2868          1.8000
    1949.33       2369.2750         34.2868          6.1000
    1949.42       2312.7550         34.2868          7.5000
    1949.50       2260.7970         34.2868          8.7000
    1949.58       2218.0330         34.2868          8.1000
    1949.67       2278.3980         93.6024          7.1000
    1949.75       2244.0860         93.6024          4.7000
    1949.83       2233.9200         93.6024          2.0000
    1949.92       2232.8490         93.6024           .1000
    1950.00       2232.8480         93.6024          1.0000
    1950.08       2232.6080         93.6024           .7000
    1950.17       2232.4890         93.6024          1.0000
    1950.25       2228.4230         93.6024          5.6000
    1950.33       2292.0920         93.6024          3.0000
    1950.42       2280.2010         93.6024          3.5000
    1950.50       2259.5750         93.6024          6.2000
    1950.58       2242.9930         93.6024          5.8000
    1950.67       2251.2910         32.2602          4.9000
    1950.75       2246.6370         32.2602           .4000
    1950.83       2234.9890         32.2602          7.7000
    1950.92       2229.3620         32.2602          1.8000
    1951.00       2226.6520         32.2602           .8000
    1951.08       2224.5190         32.2602          1.4000
    1951.17       2222.6600         32.2602          2.3000
    1951.25       2220.9760         32.2602          2.5000
    1951.33       2217.0490         32.2602          2.0000
    1951.42       2204.0410         32.2602         11.8000
    1951.50       2185.0230         32.2602          8.1000
    1951.58       2182.6160         32.2602          2.6000
    1951.67       2180.9960         32.2602          2.7000
    1951.75       2175.0000         32.2602          6.9000
    1951.83       2166.3570         32.2602          5.9000
    1951.92       2166.1910         32.2602           .9000
    1952.00       2168.1070         32.2602          2.2000
    1952.08       2170.0300         32.2602          2.3000
    1952.17       2171.8350         32.2602           .8000
    1952.25       2173.3770         32.2602           .4000
    1952.33       2170.2820         32.2602          7.6000
    1952.42       2160.6390         32.2602          6.0000
    1952.50       2141.0320         32.2602         18.3000
    1952.58       2129.9150         32.2602          6.3000
    1952.67       2127.7270         32.2602          4.9000
    1952.75       2121.5210         32.2602          4.9000
    1952.83       2121.5670         32.2602          2.0000
    1952.92       2127.1890         32.2602           .6000
    1953.00       2133.2190         32.2602           .4000
    1953.08       2138.8700         32.2602          1.2000
    1953.17       2144.3290         32.2602           .6000
    1953.25       2148.6750         32.2602           .5000
    1953.33       2459.1790         32.2602          1.1000
    1953.42       2404.9780         32.2602          8.3000
    1953.50       2337.4310         32.2602         10.1000
    1953.58       2291.5200         32.2602         12.8000
    1953.67       2349.2070         79.7186          3.5000
    1953.75       2338.5960         79.7186          1.2000
    1953.83       2329.1560         79.7186          4.6000
    1953.92       2318.6860         79.7186          4.2000
    1954.00       2315.3090         79.7186          2.8000
    1954.08       2312.9110         79.7186          2.4000
    1954.17       2310.8730         79.7186          1.4000
    1954.25       2308.6580         79.7186          1.5000
    1954.33       2347.9190         79.7186           .0000
    1954.42       2341.6380         79.7186           .7000
    1954.50       2329.6240         79.7186          4.5000
    1954.58       2320.4740         79.7186          4.0000
    1954.67       2302.3410         18.9699         14.9000
    1954.75       2275.5300         18.9699          4.7000
    1954.83       2263.3570         18.9699          3.6000
    1954.92       2258.4560         18.9699          1.8000
    1955.00       2256.9650         18.9699           .3000
    1955.08       2255.6060         18.9699           .5000
    1955.17       2253.5200         18.9699          1.4000
    1955.25       2250.5170         18.9699          1.4000
    1955.33       2246.6860         18.9699          3.5000
    1955.42       2237.8850         18.9699          6.5000
    1955.50       2218.5080         18.9699         16.2000
    1955.58       2202.1140         18.9699         10.5000
    1955.67       2188.1710         18.9699          9.0000
    1955.75       2177.6960         18.9699          9.4000
    1955.83       2174.0530         18.9699          7.7000
    1955.92       2174.1610         18.9699          1.5000
    1956.00       2178.9570         18.9699           .7000
    1956.08       2183.5990         18.9699          2.8000
    1956.17       2187.8850         18.9699           .4000
    1956.25       2190.9690         18.9699          2.6000
    1956.33       2188.9480         18.9699          2.2000
    1956.42       2176.3570         18.9699          8.0000
    1956.50       2166.8980         18.9699          6.7000
    1956.58       2156.5840         18.9699         10.9000
    1956.67       2156.2920         18.9699          2.2000
    1956.75       2155.5290         18.9699          4.5000
    1956.83       2151.6620         18.9699         13.7000
    1956.92       2155.6560         18.9699          2.0000
    1957.00       2161.5040         18.9699          1.4000
    1957.08       2167.2550         18.9699           .7000
    1957.17       2172.4780         18.9699          1.2000
    1957.25       2175.6120         18.9699          4.7000
    1957.33       2492.4490         18.9699           .7000
    1957.42       2442.1540         18.9699          5.8000
    1957.50       2382.6330         18.9699         13.6000
    1957.58       2351.0590         18.9699          6.1000
    1957.67       2391.9180         74.7092         12.6000
    1957.75       2348.9460         74.7092          6.0000
    1957.83       2333.6770         74.7092          4.8000
    1957.92       2328.0560         74.7092          2.9000
    1958.00       2326.2040         74.7092          1.2000
    1958.08       2324.7590         74.7092          1.0000
    1958.17       2323.2400         74.7092          2.1000
    1958.25       2320.9290         74.7092           .8000
    1958.33       2381.4170         74.7092          3.7000
    1958.42       2367.1100         74.7092          2.8000
    1958.50       2337.5140         74.7092         14.7000
    1958.58       2332.0260         74.7092          1.4000
    1958.67       2351.6860         51.5781          7.1000
    1958.75       2345.7370         51.5781          1.1000
    1958.83       2333.7150         51.5781         10.9000
    1958.92       2328.7420         51.5781           .4000
    1959.00       2326.5340         51.5781          1.9000
    1959.08       2324.3820         51.5781           .8000
    1959.17       2322.4140         51.5781          1.0000
    1959.25       2317.9360         51.5781          2.6000
    1959.33       2311.3080         51.5781          1.8000
    1959.42       2296.6290         51.5781         13.1000
    1959.50       2281.1050         51.5781          6.8000
    1959.58       2270.1810         51.5781          6.4000
    1959.67       2253.8250         51.5781         16.2000
    1959.75       2241.9120         51.5781          3.5000
    1959.83       2238.9800         51.5781          4.8000
    1959.92       2241.6180         51.5781          3.8000
    1960.00       2245.9600         51.5781           .5000
    1960.08       2250.0240         51.5781           .9000
    1960.17       2253.7540         51.5781          1.3000
    1960.25       2255.9430         51.5781           .0000
    1960.33       2251.2120         51.5781         11.4000
    1960.42       2241.3890         51.5781          3.5000
    1960.50       2235.4220         51.5781          4.9000
    1960.58       2230.7440         51.5781          8.3000
    1960.67       2232.2570         51.5781          2.6000
    1960.75       2224.6180         51.5781          6.7000
    1960.83       2223.6820         51.5781           .6000
    1960.92       2227.9380         51.5781          7.0000
    1961.00       2233.1420         51.5781           .7000
    1961.08       2237.6050         51.5781           .8000
    1961.17       2241.3540         51.5781          3.2000
    1961.25       2242.9930         51.5781          1.5000
    1961.33       2520.3270         51.5781           .1000
    1961.42       2463.4520         51.5781         12.9000
    1961.50       2444.9090         51.5781          3.2000
    1961.58       2398.9430         51.5781         15.4000
    1961.67       2403.3330         53.2116          7.6000
    1961.75       2372.6680         53.2116          4.3000
    1961.83       2366.9940         53.2116           .5000
    1961.92       2365.2340         53.2116          1.2000
    1962.00       2364.2290         53.2116          3.1000
    1962.08       2363.4290         53.2116          2.6000
    1962.17       2362.5810         53.2116           .4000
    1962.25       2360.0160         53.2116          4.6000
    1962.33       2413.8760         53.2116           .0000
    1962.42       2405.6910         53.2116          3.5000
    1962.50       2393.6880         53.2116          4.2000
    1962.58       2383.6890         53.2116          4.2000
    1962.67       2386.7870         23.9328          5.2000
    1962.75       2367.0600         23.9328          7.5000
    1962.83       2357.7380         23.9328          1.2000
    1962.92       2355.1290         23.9328          2.3000
    1963.00       2353.5290         23.9328          2.5000
    1963.08       2352.1530         23.9328          3.6000
    1963.17       2350.9190         23.9328           .3000
    1963.25       2349.4050         23.9328          3.5000
    1963.33       2344.1020         23.9328           .5000
    1963.42       2329.7210         23.9328          9.2000
    1963.50       2319.7890         23.9328          5.1000
    1963.58       2320.2080         23.9328           .2000
    1963.67       2310.1060         23.9328         11.5000
    1963.75       2295.5140         23.9328          2.8000
    1963.83       2294.8330         23.9328           .5000
    1963.92       2296.5210         23.9328          1.9000
    1964.00       2299.5310         23.9328           .4000
    1964.08       2302.0630         23.9328           .4000
    1964.17       2304.5070         23.9328           .7000
    1964.25       2305.4510         23.9328          4.0000
    1964.33       2304.4290         23.9328          4.5000
    1964.42       2302.4790         23.9328          1.5000
    1964.50       2279.0980         23.9328         14.8000
    1964.58       2278.4660         23.9328          2.3000
    1964.67       2274.4060         23.9328          7.2000
    1964.75       2270.6260         23.9328          2.8000
    1964.83       2272.9420         23.9328           .8000
    1964.92       2278.4650         23.9328           .0000
    1965.00       2283.7180         23.9328          1.3000
    1965.08       2286.9420         23.9328           .9000
    1965.17       2289.4830         23.9328          2.2000
    1965.25       2291.2810         23.9328          1.0000
    1965.33       2484.3320         23.9328          7.7000
    1965.42       2435.5440         23.9328          9.6000
    1965.50       2400.6640         23.9328          9.9000
    1965.58       2369.8200         23.9328          7.5000
    1965.67       2433.1140         61.9643          4.0000
    1965.75       2395.3540         61.9643          8.2000
    1965.83       2387.9380         61.9643          2.0000
    1965.92       2385.9800         61.9643          1.2000
    1966.00       2384.2180         61.9643           .9000
    1966.08       2382.9280         61.9643          1.9000
    1966.17       2381.6040         61.9643          1.2000
    1966.25       2378.7540         61.9643          2.0000
    1966.33       2416.1530         61.9643          2.7000
    1966.42       2400.0310         61.9643          6.0000
    1966.50       2378.8180         61.9643         10.4000
    1966.58       2357.9640         61.9643          5.8000
    1966.67       2364.0420         31.9234         10.4000
    1966.75       2337.3560         31.9234          7.3000
    1966.83       2332.2940         31.9234           .0000
    1966.92       2330.5560         31.9234          2.6000
    1967.00       2329.2680         31.9234          1.4000
    1967.08       2328.1780         31.9234          1.5000
    1967.17       2327.0510         31.9234           .2000
    1967.25       2325.3100         31.9234           .8000
    1967.33       2324.1850         31.9234           .9000
    1967.42       2319.8580         31.9234          3.7000
    1967.50       2306.2790         31.9234         10.2000
    1967.58       2290.5070         31.9234         13.7000
    1967.67       2275.1730         31.9234         10.5000
    1967.75       2265.2920         31.9234          2.0000
    1967.83       2265.7630         31.9234          1.3000
    1967.92       2269.2120         31.9234          1.7000
    1968.00       2273.0040         31.9234          1.2000
    1968.08       2276.5400         31.9234          1.3000
    1968.17       2279.6740         31.9234          1.4000
    1968.25       2281.0490         31.9234          1.0000
    1968.33       2280.4370         31.9234          4.2000
    1968.42       2271.9400         31.9234          4.8000
    1968.50       2255.8850         31.9234         18.2000
    1968.58       2240.2530         31.9234         13.5000
    1968.67       2234.0830         31.9234          6.3000
    1968.75       2226.2880         31.9234          7.1000
    1968.83       2221.5960         31.9234          6.4000
    1968.92       2223.4750         31.9234          4.1000
    1969.00       2229.0550         31.9234           .2000
    1969.08       2234.2960         31.9234          1.4000
    1969.17       2239.2220         31.9234          1.5000
    1969.25       2241.5130         31.9234          4.2000
    1969.33       2511.7200         31.9234          1.1000
    1969.42       2470.5460         31.9234          5.2000
    1969.50       2440.2980         31.9234          5.1000
    1969.58       2386.6630         31.9234         16.0000
    1969.67       2420.0950         70.9244          8.9000
    1969.75       2379.7140         70.9244          8.4000
    1969.83       2364.6680         70.9244          4.1000
    1969.92       2361.7250         70.9244          3.9000
    1970.00       2360.1860         70.9244          1.8000
    1970.08       2358.9180         70.9244          2.8000
    1970.17       2357.7570         70.9244          2.4000
    1970.25       2356.4240         70.9244          1.4000
    1970.33       2421.2210         70.9244          1.4000
    1970.42       2402.1090         70.9244          8.2000
    1970.50       2386.0190         70.9244          4.9000
    1970.58       2365.5160         70.9244         11.3000
    1970.67       2389.1800         51.7963           .9000
    1970.75       2377.7780         51.7963          5.8000
    1970.83       2365.5030         51.7963          3.9000
    1970.92       2361.3200         51.7963          4.2000
    1971.00       2358.8830         51.7963          3.4000
    1971.08       2356.8520         51.7963          2.3000
    1971.17       2355.0370         51.7963           .4000
    1971.25       2353.3300         51.7963          3.6000
    1971.33       2348.4410         51.7963          6.1000
    1971.42       2337.0820         51.7963          3.3000
    1971.50       2321.4790         51.7963         12.3000
    1971.58       2304.1100         51.7963         10.3000
    1971.67       2295.1420         51.7963          5.8000
    1971.75       2290.3320         51.7963          5.5000
    1971.83       2285.7600         51.7963          8.8000
    1971.92       2289.0120         51.7963          3.9000
    1972.00       2292.7390         51.7963           .6000
    1972.08       2296.4440         51.7963          1.8000
    1972.17       2299.2440         51.7963          3.5000
    1972.25       2300.6750         51.7963           .5000
    1972.33       2294.3370         51.7963          2.3000
    1972.42       2282.7670         51.7963         10.5000
    1972.50       2272.2310         51.7963         17.3000
    1972.58       2259.8110         51.7963          7.2000
    1972.67       2262.1760         51.7963          4.1000
    1972.75       2265.0620         51.7963          1.7000
    1972.83       2259.7110         51.7963         14.5000
    1972.92       2263.3250         51.7963          5.5000
    1973.00       2269.1320         51.7963          1.7000
    1973.08       2274.6060         51.7963          2.9000
    1973.17       2279.6670         51.7963           .9000
    1973.25       2283.2690         51.7963          3.3000
    1973.33       2602.1490         51.7963          4.4000
    1973.42       2535.0010         51.7963         10.2000
    1973.50       2492.5030         51.7963          7.2000
    1973.58       2452.2790         51.7963         10.1000
    1973.67       2496.2760         85.1050         10.0000
    1973.75       2450.5050         85.1050         12.3000
    1973.83       2440.1000         85.1050           .5000
    1973.92       2437.4080         85.1050           .0000
    1974.00       2436.3760         85.1050           .7000
    1974.08       2436.4260         85.1050           .2000
    1974.17       2435.6210         85.1050          2.9000
    1974.25       2431.6420         85.1050          1.7000
    1974.33       2515.0220         85.1050          2.9000
    1974.42       2506.4350         85.1050          3.0000
    1974.50       2474.0500         85.1050         13.5000
    1974.58       2440.8350         85.1050          8.0000
    1974.67       2445.1660         46.0622          7.1000
    1974.75       2422.5790         46.0622          5.9000
    1974.83       2409.6980         46.0622          7.2000
    1974.92       2404.0280         46.0622          9.8000
    1975.00       2401.8930         46.0622          1.9000
    1975.08       2400.1290         46.0622           .2000
    1975.17       2398.5420         46.0622          1.1000
    1975.25       2396.5110         46.0622           .2000
    1975.33       2390.5650         46.0622          4.6000
    1975.42       2378.1240         46.0622          7.3000
    1975.50       2370.1510         46.0622          4.1000
    1975.58       2358.9210         46.0622         15.0000
    1975.67       2340.3110         46.0622         11.7000
    1975.75       2328.6820         46.0622          6.0000
    1975.83       2326.0560         46.0622          4.5000
    1975.92       2325.5080         46.0622           .9000
    1976.00       2329.3670         46.0622           .9000
    1976.08       2333.2380         46.0622           .1000
    1976.17       2337.0250         46.0622           .1000
    1976.25       2340.5210         46.0622          1.4000
    1976.33       2339.6670         46.0622          2.5000
    1976.42       2334.5700         46.0622          5.1000
    1976.50       2318.0040         46.0622         18.4000
    1976.58       2302.2330         46.0622         11.6000
    1976.67       2290.1820         46.0622         19.8000
    1976.75       2279.7250         46.0622          4.1000
    1976.83       2280.2340         46.0622          3.1000
    1976.92       2285.4150         46.0622           .2000
    1977.00       2291.9070         46.0622          1.1000
    1977.08       2297.9250         46.0622           .6000
    1977.17       2303.5820         46.0622          1.3000
    1977.25       2306.9840         46.0622          1.3000
    1977.33       2629.1380         46.0622          2.4000
    1977.42       2555.8210         46.0622          9.0000
    1977.50       2501.8560         46.0622         12.8000
    1977.58       2466.0780         46.0622          6.1000
    1977.67       2572.2570        102.0197          2.2000
    1977.75       2527.7090        102.0197          7.3000
    1977.83       2506.1720        102.0197          3.4000
    1977.92       2501.8450        102.0197          1.2000
    1978.00       2499.2890        102.0197          1.7000
    1978.08       2497.2010        102.0197          1.7000
    1978.17       2495.3190        102.0197           .5000
    1978.25       2492.0320        102.0197          3.0000
    1978.33       2543.8690        102.0197           .9000
    1978.42       2521.1600        102.0197         15.1000
    1978.50       2497.6180        102.0197          3.8000
    1978.58       2468.6960        102.0197          9.4000
    1978.67       2492.0050         68.2134          9.0000
    1978.75       2454.6380         68.2134          9.7000
    1978.83       2441.3820         68.2134          8.0000
    1978.92       2435.6800         68.2134           .3000
    1979.00       2433.4950         68.2134          1.2000
    1979.08       2431.7240         68.2134          3.1000
    1979.17       2430.1200         68.2134           .5000
    1979.25       2427.7180         68.2134           .5000
    1979.33       2421.3600         68.2134          1.4000
    1979.42       2410.2350         68.2134          7.9000
    1979.50       2392.3030         68.2134         12.7000
    1979.58       2385.6500         68.2134          2.5000
    1979.67       2377.1800         68.2134         14.7000
    1979.75       2362.2880         68.2134          6.6000
    1979.83       2355.9960         68.2134          5.5000
    1979.92       2356.7670         68.2134          4.4000
    1980.00       2360.9800         68.2134          2.0000
    1980.00       2360.9800         68.2134          2.0000
